<?xml version="1.0" encoding="UTF-8"?>
<testsuite xmlns:xsi="http://www.w3.org/2001/XMLSchema-instance" xsi:noNamespaceSchemaLocation="https://maven.apache.org/surefire/maven-surefire-plugin/xsd/surefire-test-report.xsd" name="kz.iitu.itse1907.saylau.repository.SoldierRepositoryTest" time="6.49" tests="1" errors="1" skipped="0" failures="0">
  <properties>
[...]
</properties>
  <testcase name="selectAllCaptains" classname="kz.iitu.itse1907.saylau.repository.SoldierRepositoryTest" time="6.468">
    <error message="DefaultJpaDialect does not support custom isolation levels due to limitations in standard JPA. Specific arrangements may be implemented in custom JpaDialect variants." type="org.springframework.transaction.InvalidIsolationLevelException">org.springframework.transaction.InvalidIsolationLevelException: DefaultJpaDialect does not support custom isolation levels due to limitations in standard JPA. Specific arrangements may be implemented in custom JpaDialect variants.
	at kz.iitu.itse1907.saylau.repository.SoldierRepositoryTest.selectAllCaptains(SoldierRepositoryTest.java:31)
</error>
    <system-out><![CDATA[Work
20:42:58.106 [main] DEBUG org.springframework.context.annotation.AnnotationConfigApplicationContext - Refreshing org.springframework.context.annotation.AnnotationConfigApplicationContext@17fc391b
20:42:58.124 [main] DEBUG org.springframework.beans.factory.support.DefaultListableBeanFactory - Creating shared instance of singleton bean 'org.springframework.context.annotation.internalConfigurationAnnotationProcessor'
20:42:58.208 [main] DEBUG org.springframework.context.annotation.ClassPathBeanDefinitionScanner - Identified candidate component class: file [C:\Users\almaz\OneDrive\Рабочий стол\Lab8\target\classes\kz\iitu\itse1907\saylau\Lab9Application.class]
20:42:58.238 [main] DEBUG org.springframework.context.annotation.ClassPathBeanDefinitionScanner - Identified candidate component class: file [C:\Users\almaz\OneDrive\Рабочий стол\Lab8\target\classes\kz\iitu\itse1907\saylau\controller\CaptainController.class]
20:42:58.250 [main] DEBUG org.springframework.context.annotation.ClassPathBeanDefinitionScanner - Identified candidate component class: file [C:\Users\almaz\OneDrive\Рабочий стол\Lab8\target\classes\kz\iitu\itse1907\saylau\repository\CaptainRep.class]
20:42:58.255 [main] DEBUG org.springframework.context.annotation.ClassPathBeanDefinitionScanner - Identified candidate component class: file [C:\Users\almaz\OneDrive\Рабочий стол\Lab8\target\classes\kz\iitu\itse1907\saylau\repository\SoldierController.class]
20:42:58.256 [main] DEBUG org.springframework.context.annotation.ClassPathBeanDefinitionScanner - Identified candidate component class: file [C:\Users\almaz\OneDrive\Рабочий стол\Lab8\target\classes\kz\iitu\itse1907\saylau\repository\SquadController.class]
20:42:58.301 [main] DEBUG org.springframework.context.annotation.ClassPathBeanDefinitionScanner - Identified candidate component class: file [C:\Users\almaz\OneDrive\Рабочий стол\Lab8\target\classes\kz\iitu\itse1907\saylau\config\Config1.class]
20:42:58.301 [main] DEBUG org.springframework.context.annotation.ClassPathBeanDefinitionScanner - Identified candidate component class: file [C:\Users\almaz\OneDrive\Рабочий стол\Lab8\target\classes\kz\iitu\itse1907\saylau\controller\CaptainController.class]
20:42:58.301 [main] DEBUG org.springframework.context.annotation.ClassPathBeanDefinitionScanner - Identified candidate component class: file [C:\Users\almaz\OneDrive\Рабочий стол\Lab8\target\classes\kz\iitu\itse1907\saylau\repository\CaptainRep.class]
20:42:58.302 [main] DEBUG org.springframework.context.annotation.ClassPathBeanDefinitionScanner - Identified candidate component class: file [C:\Users\almaz\OneDrive\Рабочий стол\Lab8\target\classes\kz\iitu\itse1907\saylau\repository\SoldierController.class]
20:42:58.302 [main] DEBUG org.springframework.context.annotation.ClassPathBeanDefinitionScanner - Identified candidate component class: file [C:\Users\almaz\OneDrive\Рабочий стол\Lab8\target\classes\kz\iitu\itse1907\saylau\repository\SquadController.class]
20:42:58.757 [main] DEBUG org.springframework.core.env.PropertySourcesPropertyResolver - Found key 'spring.datasource.url' in PropertySource 'class path resource [application.properties]' with value of type String
20:42:59.048 [main] INFO org.springframework.data.repository.config.RepositoryConfigurationDelegate - Bootstrapping Spring Data JPA repositories in DEFAULT mode.
20:42:59.058 [main] DEBUG org.springframework.beans.factory.support.DefaultListableBeanFactory - Creating shared instance of singleton bean 'org.springframework.boot.autoconfigure.AutoConfigurationPackages'
20:42:59.058 [main] DEBUG org.springframework.boot.autoconfigure.AutoConfigurationPackages - @EnableAutoConfiguration was declared on a class in the package 'kz.iitu.itse1907.saylau'. Automatic @Repository and @Entity scanning is enabled.
20:42:59.060 [main] DEBUG org.springframework.data.repository.config.RepositoryConfigurationDelegate - Scanning for JPA repositories in packages kz.iitu.itse1907.saylau.
20:42:59.074 [main] DEBUG org.springframework.data.repository.config.RepositoryComponentProvider - Identified candidate component class: file [C:\Users\almaz\OneDrive\Рабочий стол\Lab8\target\classes\kz\iitu\itse1907\saylau\repository\CaptainRepository.class]
20:42:59.113 [main] INFO org.springframework.data.repository.config.RepositoryConfigurationDelegate - Finished Spring Data repository scanning in 52 ms. Found 1 JPA repository interfaces.
20:42:59.287 [main] DEBUG org.springframework.beans.factory.support.DefaultListableBeanFactory - Creating shared instance of singleton bean 'propertySourcesPlaceholderConfigurer'
20:42:59.293 [main] DEBUG org.springframework.beans.factory.support.DefaultListableBeanFactory - Creating shared instance of singleton bean 'emBeanDefinitionRegistrarPostProcessor'
20:42:59.293 [main] DEBUG org.springframework.beans.factory.support.DefaultListableBeanFactory - Creating shared instance of singleton bean 'org.springframework.boot.sql.init.dependency.DatabaseInitializationDependencyConfigurer$DependsOnDatabaseInitializationPostProcessor'
20:42:59.332 [main] DEBUG org.springframework.beans.factory.support.DefaultListableBeanFactory - Creating shared instance of singleton bean 'org.springframework.context.event.internalEventListenerProcessor'
20:42:59.335 [main] DEBUG org.springframework.beans.factory.support.DefaultListableBeanFactory - Creating shared instance of singleton bean 'org.springframework.context.event.internalEventListenerFactory'
20:42:59.335 [main] DEBUG org.springframework.beans.factory.support.DefaultListableBeanFactory - Creating shared instance of singleton bean 'org.springframework.transaction.config.internalTransactionalEventListenerFactory'
20:42:59.338 [main] DEBUG org.springframework.beans.factory.support.DefaultListableBeanFactory - Creating shared instance of singleton bean 'org.springframework.context.annotation.internalAutowiredAnnotationProcessor'
20:42:59.341 [main] DEBUG org.springframework.beans.factory.support.DefaultListableBeanFactory - Creating shared instance of singleton bean 'org.springframework.context.annotation.internalCommonAnnotationProcessor'
20:42:59.347 [main] DEBUG org.springframework.beans.factory.support.DefaultListableBeanFactory - Creating shared instance of singleton bean 'org.springframework.context.annotation.internalPersistenceAnnotationProcessor'
20:42:59.348 [main] DEBUG org.springframework.beans.factory.support.DefaultListableBeanFactory - Creating shared instance of singleton bean 'org.springframework.boot.context.properties.ConfigurationPropertiesBindingPostProcessor'
20:42:59.348 [main] DEBUG org.springframework.beans.factory.support.DefaultListableBeanFactory - Creating shared instance of singleton bean 'org.springframework.boot.context.internalConfigurationPropertiesBinder'
20:42:59.349 [main] DEBUG org.springframework.beans.factory.support.DefaultListableBeanFactory - Creating shared instance of singleton bean 'org.springframework.boot.context.internalConfigurationPropertiesBinderFactory'
20:42:59.353 [main] DEBUG org.springframework.beans.factory.support.DefaultListableBeanFactory - Creating shared instance of singleton bean 'org.springframework.context.annotation.internalScheduledAnnotationProcessor'
20:42:59.354 [main] DEBUG org.springframework.beans.factory.support.DefaultListableBeanFactory - Creating shared instance of singleton bean 'org.springframework.scheduling.annotation.SchedulingConfiguration'
20:42:59.365 [main] DEBUG org.springframework.beans.factory.support.DefaultListableBeanFactory - Creating shared instance of singleton bean 'org.springframework.aop.config.internalAutoProxyCreator'
20:42:59.447 [main] DEBUG org.springframework.beans.factory.support.DefaultListableBeanFactory - Creating shared instance of singleton bean 'persistenceExceptionTranslationPostProcessor'
20:42:59.464 [main] DEBUG org.springframework.beans.factory.support.DefaultListableBeanFactory - Autowiring by type from bean name 'persistenceExceptionTranslationPostProcessor' via factory method to bean named 'environment'
20:42:59.476 [main] DEBUG org.springframework.beans.factory.support.DefaultListableBeanFactory - Creating shared instance of singleton bean 'config1'
20:42:59.479 [main] DEBUG org.springframework.beans.factory.support.DefaultListableBeanFactory - Creating shared instance of singleton bean 'org.springframework.cache.config.internalCacheAdvisor'
20:42:59.479 [main] DEBUG org.springframework.beans.factory.support.DefaultListableBeanFactory - Creating shared instance of singleton bean 'org.springframework.cache.annotation.ProxyCachingConfiguration'
20:42:59.479 [main] DEBUG org.springframework.beans.factory.support.DefaultListableBeanFactory - Creating shared instance of singleton bean 'org.springframework.transaction.config.internalTransactionAdvisor'
20:42:59.479 [main] DEBUG org.springframework.beans.factory.support.DefaultListableBeanFactory - Creating shared instance of singleton bean 'org.springframework.transaction.annotation.ProxyTransactionManagementConfiguration'
20:42:59.499 [main] DEBUG org.springframework.beans.factory.support.DefaultListableBeanFactory - Creating shared instance of singleton bean 'transactionAttributeSource'
20:42:59.507 [main] DEBUG org.springframework.beans.factory.support.DefaultListableBeanFactory - Creating shared instance of singleton bean 'transactionInterceptor'
20:42:59.507 [main] DEBUG org.springframework.beans.factory.support.DefaultListableBeanFactory - Autowiring by type from bean name 'transactionInterceptor' via factory method to bean named 'transactionAttributeSource'
20:42:59.518 [main] DEBUG org.springframework.beans.factory.support.DefaultListableBeanFactory - Autowiring by type from bean name 'org.springframework.transaction.config.internalTransactionAdvisor' via factory method to bean named 'transactionAttributeSource'
20:42:59.518 [main] DEBUG org.springframework.beans.factory.support.DefaultListableBeanFactory - Autowiring by type from bean name 'org.springframework.transaction.config.internalTransactionAdvisor' via factory method to bean named 'transactionInterceptor'
20:42:59.537 [main] DEBUG org.springframework.beans.factory.support.DefaultListableBeanFactory - Creating shared instance of singleton bean 'cacheOperationSource'
20:42:59.548 [main] DEBUG org.springframework.beans.factory.support.DefaultListableBeanFactory - Creating shared instance of singleton bean 'cacheInterceptor'
20:42:59.549 [main] DEBUG org.springframework.beans.factory.support.DefaultListableBeanFactory - Autowiring by type from bean name 'cacheInterceptor' via factory method to bean named 'cacheOperationSource'
20:42:59.560 [main] DEBUG org.springframework.beans.factory.support.DefaultListableBeanFactory - Autowiring by type from bean name 'org.springframework.cache.config.internalCacheAdvisor' via factory method to bean named 'cacheOperationSource'
20:42:59.560 [main] DEBUG org.springframework.beans.factory.support.DefaultListableBeanFactory - Autowiring by type from bean name 'org.springframework.cache.config.internalCacheAdvisor' via factory method to bean named 'cacheInterceptor'
20:42:59.568 [main] DEBUG org.springframework.core.env.PropertySourcesPropertyResolver - Found key 'spring.datasource.url' in PropertySource 'class path resource [application.properties]' with value of type String
20:42:59.568 [main] DEBUG org.springframework.core.env.PropertySourcesPropertyResolver - Found key 'spring.datasource.url' in PropertySource 'environmentProperties' with value of type String
20:42:59.569 [main] DEBUG org.springframework.core.env.PropertySourcesPropertyResolver - Found key 'spring.datasource.username' in PropertySource 'class path resource [application.properties]' with value of type String
20:42:59.569 [main] DEBUG org.springframework.core.env.PropertySourcesPropertyResolver - Found key 'spring.datasource.username' in PropertySource 'environmentProperties' with value of type String
20:42:59.570 [main] DEBUG org.springframework.core.env.PropertySourcesPropertyResolver - Found key 'spring.datasource.password' in PropertySource 'class path resource [application.properties]' with value of type String
20:42:59.570 [main] DEBUG org.springframework.core.env.PropertySourcesPropertyResolver - Found key 'spring.datasource.password' in PropertySource 'environmentProperties' with value of type String
20:42:59.570 [main] DEBUG org.springframework.core.env.PropertySourcesPropertyResolver - Found key 'fixedRate' in PropertySource 'class path resource [application.properties]' with value of type String
20:42:59.570 [main] DEBUG org.springframework.core.env.PropertySourcesPropertyResolver - Found key 'fixedRate' in PropertySource 'environmentProperties' with value of type String
20:42:59.579 [main] DEBUG org.springframework.core.env.PropertySourcesPropertyResolver - Found key 'fixedDelay' in PropertySource 'class path resource [application.properties]' with value of type String
20:42:59.579 [main] DEBUG org.springframework.core.env.PropertySourcesPropertyResolver - Found key 'fixedDelay' in PropertySource 'environmentProperties' with value of type String
20:42:59.579 [main] DEBUG org.springframework.core.env.PropertySourcesPropertyResolver - Found key 'initialDelay' in PropertySource 'class path resource [application.properties]' with value of type String
20:42:59.579 [main] DEBUG org.springframework.core.env.PropertySourcesPropertyResolver - Found key 'initialDelay' in PropertySource 'environmentProperties' with value of type String
20:42:59.586 [main] DEBUG org.springframework.beans.factory.support.DefaultListableBeanFactory - Creating shared instance of singleton bean 'lab9Application'
20:42:59.588 [main] DEBUG org.springframework.beans.factory.support.DefaultListableBeanFactory - Creating shared instance of singleton bean 'captainRepository'
20:42:59.636 [main] DEBUG org.springframework.beans.factory.support.DefaultListableBeanFactory - Creating shared instance of singleton bean 'dataSourceScriptDatabaseInitializer'
20:42:59.637 [main] DEBUG org.springframework.beans.factory.support.DefaultListableBeanFactory - Creating shared instance of singleton bean 'org.springframework.boot.autoconfigure.sql.init.DataSourceInitializationConfiguration'
20:42:59.638 [main] DEBUG org.springframework.beans.factory.support.DefaultListableBeanFactory - Creating shared instance of singleton bean 'dataSource'
20:42:59.661 [main] DEBUG org.springframework.jdbc.datasource.DriverManagerDataSource - Loaded JDBC driver: org.postgresql.Driver
20:42:59.669 [main] DEBUG org.springframework.beans.factory.support.DefaultListableBeanFactory - Creating shared instance of singleton bean 'spring.sql.init-org.springframework.boot.autoconfigure.sql.init.SqlInitializationProperties'
20:42:59.674 [main] DEBUG org.springframework.beans.factory.support.DefaultListableBeanFactory - Creating shared instance of singleton bean 'org.springframework.boot.context.properties.BoundConfigurationProperties'
20:42:59.704 [main] DEBUG org.springframework.beans.factory.support.DefaultListableBeanFactory - Autowiring by type from bean name 'dataSourceScriptDatabaseInitializer' via factory method to bean named 'dataSource'
20:42:59.704 [main] DEBUG org.springframework.beans.factory.support.DefaultListableBeanFactory - Autowiring by type from bean name 'dataSourceScriptDatabaseInitializer' via factory method to bean named 'spring.sql.init-org.springframework.boot.autoconfigure.sql.init.SqlInitializationProperties'
20:42:59.712 [main] DEBUG org.springframework.beans.factory.support.DefaultListableBeanFactory - Creating shared instance of singleton bean 'entityManagerFactory'
20:42:59.720 [main] DEBUG org.springframework.beans.factory.support.DefaultListableBeanFactory - Creating shared instance of singleton bean 'jpaVendorAdapter'
20:42:59.804 [main] DEBUG org.jboss.logging - Logging Provider: org.jboss.logging.Log4j2LoggerProvider
20:42:59.836 [main] DEBUG org.springframework.orm.jpa.LocalContainerEntityManagerFactoryBean - Building JPA container EntityManagerFactory for persistence unit 'default'
20:42:59.868 [main] DEBUG org.hibernate.jpa.internal.util.LogHelper - PersistenceUnitInfo [
	name: default
	persistence provider classname: null
	classloader: jdk.internal.loader.ClassLoaders$AppClassLoader@5b37e0d2
	excludeUnlistedClasses: true
	JTA datasource: null
	Non JTA datasource: org.springframework.jdbc.datasource.DriverManagerDataSource@3db663d0
	Transaction type: RESOURCE_LOCAL
	PU root URL: file:/C:/Users/almaz/OneDrive/%D0%A0%D0%B0%D0%B1%D0%BE%D1%87%D0%B8%D0%B9%20%D1%81%D1%82%D0%BE%D0%BB/Lab8/target/test-classes/
	Shared Cache Mode: UNSPECIFIED
	Validation Mode: AUTO
	Jar files URLs []
	Managed classes names [
		kz.iitu.itse1907.saylau.entity.Captain
		kz.iitu.itse1907.saylau.entity.Soldier
		kz.iitu.itse1907.saylau.entity.Squad]
	Mapping files names []
	Properties []
20:42:59.888 [main] DEBUG org.hibernate.integrator.internal.IntegratorServiceImpl - Adding Integrator [org.hibernate.cfg.beanvalidation.BeanValidationIntegrator].
20:42:59.890 [main] DEBUG org.hibernate.integrator.internal.IntegratorServiceImpl - Adding Integrator [org.hibernate.secure.spi.JaccIntegrator].
20:42:59.893 [main] DEBUG org.hibernate.integrator.internal.IntegratorServiceImpl - Adding Integrator [org.hibernate.cache.internal.CollectionCacheInvalidator].
20:42:59.941 [main] INFO org.hibernate.Version - HHH000412: Hibernate ORM core version 5.6.5.Final
20:42:59.943 [main] DEBUG org.hibernate.cfg.Environment - HHH000206: hibernate.properties not found
20:43:00.115 [main] DEBUG org.hibernate.service.spi.ServiceBinding - Overriding existing service binding [org.hibernate.secure.spi.JaccService]
20:43:00.128 [main] DEBUG org.hibernate.cache.internal.RegionFactoryInitiator - Cannot default RegionFactory based on registered strategies as `[]` RegionFactory strategies were registered
20:43:00.129 [main] DEBUG org.hibernate.cache.internal.RegionFactoryInitiator - Cache region factory : org.hibernate.cache.internal.NoCachingRegionFactory
20:43:00.147 [main] INFO org.hibernate.annotations.common.Version - HCANN000001: Hibernate Commons Annotations {5.1.2.Final}
20:43:00.386 [main] DEBUG org.hibernate.type.BasicTypeRegistry - Adding type registration boolean -> org.hibernate.type.BooleanType@56e9a474
20:43:00.386 [main] DEBUG org.hibernate.type.BasicTypeRegistry - Adding type registration boolean -> org.hibernate.type.BooleanType@56e9a474
20:43:00.386 [main] DEBUG org.hibernate.type.BasicTypeRegistry - Adding type registration java.lang.Boolean -> org.hibernate.type.BooleanType@56e9a474
20:43:00.386 [main] DEBUG org.hibernate.type.BasicTypeRegistry - Adding type registration numeric_boolean -> org.hibernate.type.NumericBooleanType@38cedb7d
20:43:00.387 [main] DEBUG org.hibernate.type.BasicTypeRegistry - Adding type registration true_false -> org.hibernate.type.TrueFalseType@3f598450
20:43:00.388 [main] DEBUG org.hibernate.type.BasicTypeRegistry - Adding type registration yes_no -> org.hibernate.type.YesNoType@7ed3df3b
20:43:00.388 [main] DEBUG org.hibernate.type.BasicTypeRegistry - Adding type registration byte -> org.hibernate.type.ByteType@2ee48610
20:43:00.389 [main] DEBUG org.hibernate.type.BasicTypeRegistry - Adding type registration byte -> org.hibernate.type.ByteType@2ee48610
20:43:00.389 [main] DEBUG org.hibernate.type.BasicTypeRegistry - Adding type registration java.lang.Byte -> org.hibernate.type.ByteType@2ee48610
20:43:00.390 [main] DEBUG org.hibernate.type.BasicTypeRegistry - Adding type registration character -> org.hibernate.type.CharacterType@12b5736c
20:43:00.390 [main] DEBUG org.hibernate.type.BasicTypeRegistry - Adding type registration char -> org.hibernate.type.CharacterType@12b5736c
20:43:00.390 [main] DEBUG org.hibernate.type.BasicTypeRegistry - Adding type registration java.lang.Character -> org.hibernate.type.CharacterType@12b5736c
20:43:00.391 [main] DEBUG org.hibernate.type.BasicTypeRegistry - Adding type registration short -> org.hibernate.type.ShortType@33a55bd8
20:43:00.391 [main] DEBUG org.hibernate.type.BasicTypeRegistry - Adding type registration short -> org.hibernate.type.ShortType@33a55bd8
20:43:00.391 [main] DEBUG org.hibernate.type.BasicTypeRegistry - Adding type registration java.lang.Short -> org.hibernate.type.ShortType@33a55bd8
20:43:00.392 [main] DEBUG org.hibernate.type.BasicTypeRegistry - Adding type registration integer -> org.hibernate.type.IntegerType@7e83992
20:43:00.392 [main] DEBUG org.hibernate.type.BasicTypeRegistry - Adding type registration int -> org.hibernate.type.IntegerType@7e83992
20:43:00.392 [main] DEBUG org.hibernate.type.BasicTypeRegistry - Adding type registration java.lang.Integer -> org.hibernate.type.IntegerType@7e83992
20:43:00.394 [main] DEBUG org.hibernate.type.BasicTypeRegistry - Adding type registration long -> org.hibernate.type.LongType@d2e6b0b
20:43:00.394 [main] DEBUG org.hibernate.type.BasicTypeRegistry - Adding type registration long -> org.hibernate.type.LongType@d2e6b0b
20:43:00.394 [main] DEBUG org.hibernate.type.BasicTypeRegistry - Adding type registration java.lang.Long -> org.hibernate.type.LongType@d2e6b0b
20:43:00.395 [main] DEBUG org.hibernate.type.BasicTypeRegistry - Adding type registration float -> org.hibernate.type.FloatType@4d0e54e0
20:43:00.395 [main] DEBUG org.hibernate.type.BasicTypeRegistry - Adding type registration float -> org.hibernate.type.FloatType@4d0e54e0
20:43:00.395 [main] DEBUG org.hibernate.type.BasicTypeRegistry - Adding type registration java.lang.Float -> org.hibernate.type.FloatType@4d0e54e0
20:43:00.396 [main] DEBUG org.hibernate.type.BasicTypeRegistry - Adding type registration double -> org.hibernate.type.DoubleType@76ececd
20:43:00.396 [main] DEBUG org.hibernate.type.BasicTypeRegistry - Adding type registration double -> org.hibernate.type.DoubleType@76ececd
20:43:00.396 [main] DEBUG org.hibernate.type.BasicTypeRegistry - Adding type registration java.lang.Double -> org.hibernate.type.DoubleType@76ececd
20:43:00.397 [main] DEBUG org.hibernate.type.BasicTypeRegistry - Adding type registration big_decimal -> org.hibernate.type.BigDecimalType@77fa9381
20:43:00.398 [main] DEBUG org.hibernate.type.BasicTypeRegistry - Adding type registration java.math.BigDecimal -> org.hibernate.type.BigDecimalType@77fa9381
20:43:00.398 [main] DEBUG org.hibernate.type.BasicTypeRegistry - Adding type registration big_integer -> org.hibernate.type.BigIntegerType@2e32fc22
20:43:00.398 [main] DEBUG org.hibernate.type.BasicTypeRegistry - Adding type registration java.math.BigInteger -> org.hibernate.type.BigIntegerType@2e32fc22
20:43:00.399 [main] DEBUG org.hibernate.type.BasicTypeRegistry - Adding type registration string -> org.hibernate.type.StringType@2f14b0f6
20:43:00.399 [main] DEBUG org.hibernate.type.BasicTypeRegistry - Adding type registration java.lang.String -> org.hibernate.type.StringType@2f14b0f6
20:43:00.400 [main] DEBUG org.hibernate.type.BasicTypeRegistry - Adding type registration nstring -> org.hibernate.type.StringNVarcharType@6c479fdf
20:43:00.400 [main] DEBUG org.hibernate.type.BasicTypeRegistry - Adding type registration ncharacter -> org.hibernate.type.CharacterNCharType@5f1483fd
20:43:00.401 [main] DEBUG org.hibernate.type.BasicTypeRegistry - Adding type registration url -> org.hibernate.type.UrlType@630390b9
20:43:00.401 [main] DEBUG org.hibernate.type.BasicTypeRegistry - Adding type registration java.net.URL -> org.hibernate.type.UrlType@630390b9
20:43:00.402 [main] DEBUG org.hibernate.type.BasicTypeRegistry - Adding type registration Duration -> org.hibernate.type.DurationType@45adc393
20:43:00.402 [main] DEBUG org.hibernate.type.BasicTypeRegistry - Adding type registration java.time.Duration -> org.hibernate.type.DurationType@45adc393
20:43:00.403 [main] DEBUG org.hibernate.type.BasicTypeRegistry - Adding type registration Instant -> org.hibernate.type.InstantType@1823b9c4
20:43:00.403 [main] DEBUG org.hibernate.type.BasicTypeRegistry - Adding type registration java.time.Instant -> org.hibernate.type.InstantType@1823b9c4
20:43:00.405 [main] DEBUG org.hibernate.type.BasicTypeRegistry - Adding type registration LocalDateTime -> org.hibernate.type.LocalDateTimeType@10c47c79
20:43:00.405 [main] DEBUG org.hibernate.type.BasicTypeRegistry - Adding type registration java.time.LocalDateTime -> org.hibernate.type.LocalDateTimeType@10c47c79
20:43:00.406 [main] DEBUG org.hibernate.type.BasicTypeRegistry - Adding type registration LocalDate -> org.hibernate.type.LocalDateType@3bf54172
20:43:00.406 [main] DEBUG org.hibernate.type.BasicTypeRegistry - Adding type registration java.time.LocalDate -> org.hibernate.type.LocalDateType@3bf54172
20:43:00.406 [main] DEBUG org.hibernate.type.BasicTypeRegistry - Adding type registration LocalTime -> org.hibernate.type.LocalTimeType@3ba0ae41
20:43:00.406 [main] DEBUG org.hibernate.type.BasicTypeRegistry - Adding type registration java.time.LocalTime -> org.hibernate.type.LocalTimeType@3ba0ae41
20:43:00.407 [main] DEBUG org.hibernate.type.BasicTypeRegistry - Adding type registration OffsetDateTime -> org.hibernate.type.OffsetDateTimeType@32a2a6be
20:43:00.407 [main] DEBUG org.hibernate.type.BasicTypeRegistry - Adding type registration java.time.OffsetDateTime -> org.hibernate.type.OffsetDateTimeType@32a2a6be
20:43:00.408 [main] DEBUG org.hibernate.type.BasicTypeRegistry - Adding type registration OffsetTime -> org.hibernate.type.OffsetTimeType@6d0be7ab
20:43:00.408 [main] DEBUG org.hibernate.type.BasicTypeRegistry - Adding type registration java.time.OffsetTime -> org.hibernate.type.OffsetTimeType@6d0be7ab
20:43:00.410 [main] DEBUG org.hibernate.type.BasicTypeRegistry - Adding type registration ZonedDateTime -> org.hibernate.type.ZonedDateTimeType@9301672
20:43:00.410 [main] DEBUG org.hibernate.type.BasicTypeRegistry - Adding type registration java.time.ZonedDateTime -> org.hibernate.type.ZonedDateTimeType@9301672
20:43:00.411 [main] DEBUG org.hibernate.type.BasicTypeRegistry - Adding type registration date -> org.hibernate.type.DateType@45c9b3
20:43:00.411 [main] DEBUG org.hibernate.type.BasicTypeRegistry - Adding type registration java.sql.Date -> org.hibernate.type.DateType@45c9b3
20:43:00.412 [main] DEBUG org.hibernate.type.BasicTypeRegistry - Adding type registration time -> org.hibernate.type.TimeType@276cc8dc
20:43:00.412 [main] DEBUG org.hibernate.type.BasicTypeRegistry - Adding type registration java.sql.Time -> org.hibernate.type.TimeType@276cc8dc
20:43:00.414 [main] DEBUG org.hibernate.type.BasicTypeRegistry - Adding type registration timestamp -> org.hibernate.type.TimestampType@1c3259fa
20:43:00.414 [main] DEBUG org.hibernate.type.BasicTypeRegistry - Adding type registration java.sql.Timestamp -> org.hibernate.type.TimestampType@1c3259fa
20:43:00.414 [main] DEBUG org.hibernate.type.BasicTypeRegistry - Adding type registration java.util.Date -> org.hibernate.type.TimestampType@1c3259fa
20:43:00.416 [main] DEBUG org.hibernate.type.BasicTypeRegistry - Adding type registration dbtimestamp -> org.hibernate.type.DbTimestampType@73aeef7d
20:43:00.418 [main] DEBUG org.hibernate.type.BasicTypeRegistry - Adding type registration calendar -> org.hibernate.type.CalendarType@52b46d52
20:43:00.418 [main] DEBUG org.hibernate.type.BasicTypeRegistry - Adding type registration java.util.Calendar -> org.hibernate.type.CalendarType@52b46d52
20:43:00.418 [main] DEBUG org.hibernate.type.BasicTypeRegistry - Adding type registration java.util.GregorianCalendar -> org.hibernate.type.CalendarType@52b46d52
20:43:00.418 [main] DEBUG org.hibernate.type.BasicTypeRegistry - Adding type registration calendar_date -> org.hibernate.type.CalendarDateType@163042ea
20:43:00.420 [main] DEBUG org.hibernate.type.BasicTypeRegistry - Adding type registration calendar_time -> org.hibernate.type.CalendarTimeType@7ec95456
20:43:00.421 [main] DEBUG org.hibernate.type.BasicTypeRegistry - Adding type registration locale -> org.hibernate.type.LocaleType@748ac6f3
20:43:00.421 [main] DEBUG org.hibernate.type.BasicTypeRegistry - Adding type registration java.util.Locale -> org.hibernate.type.LocaleType@748ac6f3
20:43:00.421 [main] DEBUG org.hibernate.type.BasicTypeRegistry - Adding type registration currency -> org.hibernate.type.CurrencyType@46911148
20:43:00.422 [main] DEBUG org.hibernate.type.BasicTypeRegistry - Adding type registration java.util.Currency -> org.hibernate.type.CurrencyType@46911148
20:43:00.423 [main] DEBUG org.hibernate.type.BasicTypeRegistry - Adding type registration timezone -> org.hibernate.type.TimeZoneType@58658f63
20:43:00.423 [main] DEBUG org.hibernate.type.BasicTypeRegistry - Adding type registration java.util.TimeZone -> org.hibernate.type.TimeZoneType@58658f63
20:43:00.427 [main] DEBUG org.hibernate.type.BasicTypeRegistry - Adding type registration class -> org.hibernate.type.ClassType@21263314
20:43:00.427 [main] DEBUG org.hibernate.type.BasicTypeRegistry - Adding type registration java.lang.Class -> org.hibernate.type.ClassType@21263314
20:43:00.429 [main] DEBUG org.hibernate.type.BasicTypeRegistry - Adding type registration uuid-binary -> org.hibernate.type.UUIDBinaryType@71ed560f
20:43:00.429 [main] DEBUG org.hibernate.type.BasicTypeRegistry - Adding type registration java.util.UUID -> org.hibernate.type.UUIDBinaryType@71ed560f
20:43:00.429 [main] DEBUG org.hibernate.type.BasicTypeRegistry - Adding type registration uuid-char -> org.hibernate.type.UUIDCharType@1bf14704
20:43:00.430 [main] DEBUG org.hibernate.type.BasicTypeRegistry - Adding type registration binary -> org.hibernate.type.BinaryType@14c93774
20:43:00.431 [main] DEBUG org.hibernate.type.BasicTypeRegistry - Adding type registration byte[] -> org.hibernate.type.BinaryType@14c93774
20:43:00.431 [main] DEBUG org.hibernate.type.BasicTypeRegistry - Adding type registration [B -> org.hibernate.type.BinaryType@14c93774
20:43:00.432 [main] DEBUG org.hibernate.type.BasicTypeRegistry - Adding type registration wrapper-binary -> org.hibernate.type.WrapperBinaryType@430b2699
20:43:00.432 [main] DEBUG org.hibernate.type.BasicTypeRegistry - Adding type registration Byte[] -> org.hibernate.type.WrapperBinaryType@430b2699
20:43:00.432 [main] DEBUG org.hibernate.type.BasicTypeRegistry - Adding type registration [Ljava.lang.Byte; -> org.hibernate.type.WrapperBinaryType@430b2699
20:43:00.433 [main] DEBUG org.hibernate.type.BasicTypeRegistry - Adding type registration row_version -> org.hibernate.type.RowVersionType@29c17c3d
20:43:00.433 [main] DEBUG org.hibernate.type.BasicTypeRegistry - Adding type registration image -> org.hibernate.type.ImageType@4f654cee
20:43:00.434 [main] DEBUG org.hibernate.type.BasicTypeRegistry - Adding type registration characters -> org.hibernate.type.CharArrayType@7134b8a7
20:43:00.434 [main] DEBUG org.hibernate.type.BasicTypeRegistry - Adding type registration char[] -> org.hibernate.type.CharArrayType@7134b8a7
20:43:00.434 [main] DEBUG org.hibernate.type.BasicTypeRegistry - Adding type registration [C -> org.hibernate.type.CharArrayType@7134b8a7
20:43:00.435 [main] DEBUG org.hibernate.type.BasicTypeRegistry - Adding type registration wrapper-characters -> org.hibernate.type.CharacterArrayType@51b77cdf
20:43:00.435 [main] DEBUG org.hibernate.type.BasicTypeRegistry - Adding type registration [Ljava.lang.Character; -> org.hibernate.type.CharacterArrayType@51b77cdf
20:43:00.435 [main] DEBUG org.hibernate.type.BasicTypeRegistry - Adding type registration Character[] -> org.hibernate.type.CharacterArrayType@51b77cdf
20:43:00.436 [main] DEBUG org.hibernate.type.BasicTypeRegistry - Adding type registration text -> org.hibernate.type.TextType@2f10f633
20:43:00.437 [main] DEBUG org.hibernate.type.BasicTypeRegistry - Adding type registration ntext -> org.hibernate.type.NTextType@a09303
20:43:00.438 [main] DEBUG org.hibernate.type.BasicTypeRegistry - Adding type registration blob -> org.hibernate.type.BlobType@726934e2
20:43:00.438 [main] DEBUG org.hibernate.type.BasicTypeRegistry - Adding type registration java.sql.Blob -> org.hibernate.type.BlobType@726934e2
20:43:00.439 [main] DEBUG org.hibernate.type.BasicTypeRegistry - Adding type registration materialized_blob -> org.hibernate.type.MaterializedBlobType@798dad3d
20:43:00.441 [main] DEBUG org.hibernate.type.BasicTypeRegistry - Adding type registration clob -> org.hibernate.type.ClobType@5568c66f
20:43:00.441 [main] DEBUG org.hibernate.type.BasicTypeRegistry - Adding type registration java.sql.Clob -> org.hibernate.type.ClobType@5568c66f
20:43:00.442 [main] DEBUG org.hibernate.type.BasicTypeRegistry - Adding type registration nclob -> org.hibernate.type.NClobType@68e02f33
20:43:00.442 [main] DEBUG org.hibernate.type.BasicTypeRegistry - Adding type registration java.sql.NClob -> org.hibernate.type.NClobType@68e02f33
20:43:00.443 [main] DEBUG org.hibernate.type.BasicTypeRegistry - Adding type registration materialized_clob -> org.hibernate.type.MaterializedClobType@158ae284
20:43:00.443 [main] DEBUG org.hibernate.type.BasicTypeRegistry - Adding type registration materialized_nclob -> org.hibernate.type.MaterializedNClobType@7235f92b
20:43:00.444 [main] DEBUG org.hibernate.type.BasicTypeRegistry - Adding type registration serializable -> org.hibernate.type.SerializableType@3af58f76
20:43:00.447 [main] DEBUG org.hibernate.type.BasicTypeRegistry - Adding type registration object -> org.hibernate.type.ObjectType@1b410308
20:43:00.447 [main] DEBUG org.hibernate.type.BasicTypeRegistry - Adding type registration java.lang.Object -> org.hibernate.type.ObjectType@1b410308
20:43:00.448 [main] DEBUG org.hibernate.type.BasicTypeRegistry - Adding type registration imm_date -> org.hibernate.type.AdaptedImmutableType@36d33f4
20:43:00.448 [main] DEBUG org.hibernate.type.BasicTypeRegistry - Adding type registration imm_time -> org.hibernate.type.AdaptedImmutableType@16736040
20:43:00.448 [main] DEBUG org.hibernate.type.BasicTypeRegistry - Adding type registration imm_timestamp -> org.hibernate.type.AdaptedImmutableType@7c5d1d25
20:43:00.448 [main] DEBUG org.hibernate.type.BasicTypeRegistry - Adding type registration imm_dbtimestamp -> org.hibernate.type.AdaptedImmutableType@550e9be6
20:43:00.448 [main] DEBUG org.hibernate.type.BasicTypeRegistry - Adding type registration imm_calendar -> org.hibernate.type.AdaptedImmutableType@3f96f020
20:43:00.448 [main] DEBUG org.hibernate.type.BasicTypeRegistry - Adding type registration imm_calendar_date -> org.hibernate.type.AdaptedImmutableType@32eae6f2
20:43:00.448 [main] DEBUG org.hibernate.type.BasicTypeRegistry - Adding type registration imm_binary -> org.hibernate.type.AdaptedImmutableType@26ca61bf
20:43:00.448 [main] DEBUG org.hibernate.type.BasicTypeRegistry - Adding type registration imm_serializable -> org.hibernate.type.AdaptedImmutableType@73a0f2b
20:43:00.460 [main] DEBUG org.hibernate.boot.internal.BootstrapContextImpl - Injecting JPA temp ClassLoader [org.springframework.instrument.classloading.SimpleThrowawayClassLoader@50a13c2f] into BootstrapContext; was [null]
20:43:00.460 [main] DEBUG org.hibernate.boot.internal.ClassLoaderAccessImpl - ClassLoaderAccessImpl#injectTempClassLoader(org.springframework.instrument.classloading.SimpleThrowawayClassLoader@50a13c2f) [was null]
20:43:00.460 [main] DEBUG org.hibernate.boot.internal.BootstrapContextImpl - Injecting ScanEnvironment [org.hibernate.jpa.boot.internal.StandardJpaScanEnvironmentImpl@74606204] into BootstrapContext; was [null]
20:43:00.461 [main] DEBUG org.hibernate.boot.internal.BootstrapContextImpl - Injecting ScanOptions [org.hibernate.boot.archive.scan.internal.StandardScanOptions@6b6eae52] into BootstrapContext; was [org.hibernate.boot.archive.scan.internal.StandardScanOptions@d4df0e]
20:43:00.522 [main] DEBUG org.hibernate.boot.internal.BootstrapContextImpl - Injecting JPA temp ClassLoader [null] into BootstrapContext; was [org.springframework.instrument.classloading.SimpleThrowawayClassLoader@50a13c2f]
20:43:00.523 [main] DEBUG org.hibernate.boot.internal.ClassLoaderAccessImpl - ClassLoaderAccessImpl#injectTempClassLoader(null) [was org.springframework.instrument.classloading.SimpleThrowawayClassLoader@50a13c2f]
20:43:00.532 [main] DEBUG org.hibernate.id.factory.internal.DefaultIdentifierGeneratorFactory - Registering IdentifierGenerator strategy [uuid2] -> [org.hibernate.id.UUIDGenerator]
20:43:00.533 [main] DEBUG org.hibernate.id.factory.internal.DefaultIdentifierGeneratorFactory - Registering IdentifierGenerator strategy [guid] -> [org.hibernate.id.GUIDGenerator]
20:43:00.534 [main] DEBUG org.hibernate.id.factory.internal.DefaultIdentifierGeneratorFactory - Registering IdentifierGenerator strategy [uuid] -> [org.hibernate.id.UUIDHexGenerator]
20:43:00.534 [main] DEBUG org.hibernate.id.factory.internal.DefaultIdentifierGeneratorFactory - Registering IdentifierGenerator strategy [uuid.hex] -> [org.hibernate.id.UUIDHexGenerator]
20:43:00.534 [main] DEBUG org.hibernate.id.factory.internal.DefaultIdentifierGeneratorFactory - Registering IdentifierGenerator strategy [assigned] -> [org.hibernate.id.Assigned]
20:43:00.535 [main] DEBUG org.hibernate.id.factory.internal.DefaultIdentifierGeneratorFactory - Registering IdentifierGenerator strategy [identity] -> [org.hibernate.id.IdentityGenerator]
20:43:00.535 [main] DEBUG org.hibernate.id.factory.internal.DefaultIdentifierGeneratorFactory - Registering IdentifierGenerator strategy [select] -> [org.hibernate.id.SelectGenerator]
20:43:00.536 [main] DEBUG org.hibernate.id.factory.internal.DefaultIdentifierGeneratorFactory - Registering IdentifierGenerator strategy [sequence] -> [org.hibernate.id.enhanced.SequenceStyleGenerator]
20:43:00.537 [main] DEBUG org.hibernate.id.factory.internal.DefaultIdentifierGeneratorFactory - Registering IdentifierGenerator strategy [seqhilo] -> [org.hibernate.id.SequenceHiLoGenerator]
20:43:00.539 [main] DEBUG org.hibernate.id.factory.internal.DefaultIdentifierGeneratorFactory - Registering IdentifierGenerator strategy [increment] -> [org.hibernate.id.IncrementGenerator]
20:43:00.539 [main] DEBUG org.hibernate.id.factory.internal.DefaultIdentifierGeneratorFactory - Registering IdentifierGenerator strategy [foreign] -> [org.hibernate.id.ForeignGenerator]
20:43:00.540 [main] DEBUG org.hibernate.id.factory.internal.DefaultIdentifierGeneratorFactory - Registering IdentifierGenerator strategy [sequence-identity] -> [org.hibernate.id.SequenceIdentityGenerator]
20:43:00.540 [main] DEBUG org.hibernate.id.factory.internal.DefaultIdentifierGeneratorFactory - Registering IdentifierGenerator strategy [enhanced-sequence] -> [org.hibernate.id.enhanced.SequenceStyleGenerator]
20:43:00.541 [main] DEBUG org.hibernate.id.factory.internal.DefaultIdentifierGeneratorFactory - Registering IdentifierGenerator strategy [enhanced-table] -> [org.hibernate.id.enhanced.TableGenerator]
20:43:00.546 [main] DEBUG org.springframework.jdbc.datasource.DriverManagerDataSource - Creating new JDBC DriverManager Connection to [jdbc:postgresql://localhost:5432/Army]
20:43:00.745 [main] DEBUG org.hibernate.engine.jdbc.env.internal.JdbcEnvironmentInitiator - Database ->
       name : PostgreSQL
    version : 13.0
      major : 13
      minor : 0
20:43:00.745 [main] DEBUG org.hibernate.engine.jdbc.env.internal.JdbcEnvironmentInitiator - Driver ->
       name : PostgreSQL JDBC Driver
    version : 42.3.3
      major : 42
      minor : 3
20:43:00.745 [main] DEBUG org.hibernate.engine.jdbc.env.internal.JdbcEnvironmentInitiator - JDBC version : 4.2
20:43:00.757 [main] INFO org.hibernate.dialect.Dialect - HHH000400: Using dialect: org.hibernate.dialect.PostgreSQLDialect
20:43:00.770 [main] DEBUG org.hibernate.engine.jdbc.env.spi.IdentifierHelperBuilder - JDBC driver metadata reported database stores quoted identifiers in neither upper, lower nor mixed case
20:43:00.798 [main] DEBUG org.hibernate.type.BasicTypeRegistry - Adding type registration pg-uuid -> org.hibernate.type.PostgresUUIDType@16e99306
20:43:00.798 [main] DEBUG org.hibernate.type.BasicTypeRegistry - Adding type registration java.util.UUID -> org.hibernate.type.PostgresUUIDType@16e99306
20:43:00.798 [main] DEBUG org.hibernate.type.BasicTypeRegistry - HHH000270: Type registration [java.util.UUID] overrides previous : org.hibernate.type.UUIDBinaryType@71ed560f
20:43:00.800 [main] DEBUG org.hibernate.type.spi.TypeConfiguration$Scope - Scoping TypeConfiguration [org.hibernate.type.spi.TypeConfiguration@6da4feeb] to MetadataBuildingContext [org.hibernate.boot.internal.MetadataBuildingContextRootImpl@2c604965]
20:43:00.845 [main] DEBUG org.hibernate.boot.model.relational.Namespace - Created database namespace [logicalName=Name{catalog=null, schema=null}, physicalName=Name{catalog=null, schema=null}]
20:43:00.857 [main] DEBUG org.hibernate.cfg.AnnotationBinder - Binding entity from annotated class: kz.iitu.itse1907.saylau.entity.Captain
20:43:00.878 [main] DEBUG org.hibernate.cfg.Ejb3Column - Binding column: Ejb3DiscriminatorColumn{logicalColumnName'DTYPE', discriminatorTypeName='string'}
20:43:00.884 [main] DEBUG org.hibernate.cfg.annotations.EntityBinder - Import with entity name Captain
20:43:00.887 [main] DEBUG org.hibernate.cfg.annotations.EntityBinder - Bind entity kz.iitu.itse1907.saylau.entity.Captain on table captain
20:43:00.915 [main] DEBUG org.hibernate.cfg.Ejb3Column - Binding column: Ejb3Column{table=org.hibernate.mapping.Table(captain), mappingColumn=id, insertable=true, updatable=true, unique=false}
20:43:00.918 [main] DEBUG org.hibernate.boot.internal.ClassLoaderAccessImpl - Not known whether passed class name [kz.iitu.itse1907.saylau.entity.Captain] is safe
20:43:00.919 [main] DEBUG org.hibernate.boot.internal.ClassLoaderAccessImpl - No temp ClassLoader provided; using live ClassLoader for loading potentially unsafe class : kz.iitu.itse1907.saylau.entity.Captain
20:43:00.919 [main] DEBUG org.hibernate.cfg.annotations.PropertyBinder - MetadataSourceProcessor property id with lazy=false
20:43:00.921 [main] DEBUG org.hibernate.cfg.AbstractPropertyHolder - Attempting to locate auto-apply AttributeConverter for property [kz.iitu.itse1907.saylau.entity.Captain:id]
20:43:00.923 [main] DEBUG org.hibernate.cfg.annotations.SimpleValueBinder - building SimpleValue for id
20:43:00.926 [main] DEBUG org.hibernate.cfg.annotations.PropertyBinder - Building property id
20:43:00.929 [main] DEBUG org.hibernate.cfg.BinderHelper - #makeIdGenerator(org.hibernate.mapping.SimpleValue([org.hibernate.mapping.Column(id)]), id, identity, , ...)
20:43:00.930 [main] DEBUG org.hibernate.cfg.Ejb3Column - Binding column: Ejb3Column{table=org.hibernate.mapping.Table(captain), mappingColumn=Age, insertable=true, updatable=true, unique=false}
20:43:00.930 [main] DEBUG org.hibernate.cfg.annotations.PropertyBinder - MetadataSourceProcessor property age with lazy=false
20:43:00.930 [main] DEBUG org.hibernate.cfg.AbstractPropertyHolder - Attempting to locate auto-apply AttributeConverter for property [kz.iitu.itse1907.saylau.entity.Captain:age]
20:43:00.930 [main] DEBUG org.hibernate.cfg.annotations.SimpleValueBinder - building SimpleValue for age
20:43:00.930 [main] DEBUG org.hibernate.cfg.annotations.PropertyBinder - Building property age
20:43:00.931 [main] DEBUG org.hibernate.cfg.Ejb3Column - Binding column: Ejb3Column{table=org.hibernate.mapping.Table(captain), mappingColumn=FirstName, insertable=true, updatable=true, unique=false}
20:43:00.931 [main] DEBUG org.hibernate.cfg.annotations.PropertyBinder - MetadataSourceProcessor property first_name with lazy=false
20:43:00.932 [main] DEBUG org.hibernate.cfg.AbstractPropertyHolder - Attempting to locate auto-apply AttributeConverter for property [kz.iitu.itse1907.saylau.entity.Captain:first_name]
20:43:00.932 [main] DEBUG org.hibernate.cfg.annotations.SimpleValueBinder - building SimpleValue for first_name
20:43:00.932 [main] DEBUG org.hibernate.cfg.annotations.PropertyBinder - Building property first_name
20:43:00.932 [main] DEBUG org.hibernate.cfg.Ejb3Column - Binding column: Ejb3Column{table=org.hibernate.mapping.Table(captain), mappingColumn=LastName, insertable=true, updatable=true, unique=false}
20:43:00.933 [main] DEBUG org.hibernate.cfg.annotations.PropertyBinder - MetadataSourceProcessor property last_name with lazy=false
20:43:00.933 [main] DEBUG org.hibernate.cfg.AbstractPropertyHolder - Attempting to locate auto-apply AttributeConverter for property [kz.iitu.itse1907.saylau.entity.Captain:last_name]
20:43:00.933 [main] DEBUG org.hibernate.cfg.annotations.SimpleValueBinder - building SimpleValue for last_name
20:43:00.933 [main] DEBUG org.hibernate.cfg.annotations.PropertyBinder - Building property last_name
20:43:00.933 [main] DEBUG org.hibernate.cfg.Ejb3Column - Binding column: Ejb3Column{table=org.hibernate.mapping.Table(captain), mappingColumn=Rank, insertable=true, updatable=true, unique=false}
20:43:00.934 [main] DEBUG org.hibernate.cfg.annotations.PropertyBinder - MetadataSourceProcessor property rank with lazy=false
20:43:00.934 [main] DEBUG org.hibernate.cfg.AbstractPropertyHolder - Attempting to locate auto-apply AttributeConverter for property [kz.iitu.itse1907.saylau.entity.Captain:rank]
20:43:00.934 [main] DEBUG org.hibernate.cfg.annotations.SimpleValueBinder - building SimpleValue for rank
20:43:00.934 [main] DEBUG org.hibernate.cfg.annotations.PropertyBinder - Building property rank
20:43:00.940 [main] DEBUG org.hibernate.jpa.event.internal.CallbackDefinitionResolverLegacyImpl - Adding onPreUpdate as PreUpdate callback for entity kz.iitu.itse1907.saylau.entity.Captain
20:43:00.942 [main] DEBUG org.hibernate.jpa.event.internal.CallbackDefinitionResolverLegacyImpl - Adding onPrePersist as PrePersist callback for entity kz.iitu.itse1907.saylau.entity.Captain
20:43:00.943 [main] DEBUG org.hibernate.jpa.event.internal.CallbackDefinitionResolverLegacyImpl - Adding onPreRemove as PreRemove callback for entity kz.iitu.itse1907.saylau.entity.Captain
20:43:00.945 [main] DEBUG org.hibernate.cfg.AnnotationBinder - Binding entity from annotated class: kz.iitu.itse1907.saylau.entity.Soldier
20:43:00.945 [main] DEBUG org.hibernate.cfg.Ejb3Column - Binding column: Ejb3DiscriminatorColumn{logicalColumnName'DTYPE', discriminatorTypeName='string'}
20:43:00.945 [main] DEBUG org.hibernate.cfg.annotations.EntityBinder - Import with entity name Soldier
20:43:00.945 [main] DEBUG org.hibernate.cfg.annotations.EntityBinder - Bind entity kz.iitu.itse1907.saylau.entity.Soldier on table soldier
20:43:00.952 [main] DEBUG org.hibernate.cfg.Ejb3Column - Binding column: Ejb3Column{table=org.hibernate.mapping.Table(soldier), mappingColumn=id, insertable=true, updatable=true, unique=false}
20:43:00.952 [main] DEBUG org.hibernate.boot.internal.ClassLoaderAccessImpl - Not known whether passed class name [kz.iitu.itse1907.saylau.entity.Soldier] is safe
20:43:00.953 [main] DEBUG org.hibernate.boot.internal.ClassLoaderAccessImpl - No temp ClassLoader provided; using live ClassLoader for loading potentially unsafe class : kz.iitu.itse1907.saylau.entity.Soldier
20:43:00.953 [main] DEBUG org.hibernate.cfg.annotations.PropertyBinder - MetadataSourceProcessor property id with lazy=false
20:43:00.953 [main] DEBUG org.hibernate.cfg.AbstractPropertyHolder - Attempting to locate auto-apply AttributeConverter for property [kz.iitu.itse1907.saylau.entity.Soldier:id]
20:43:00.953 [main] DEBUG org.hibernate.cfg.annotations.SimpleValueBinder - building SimpleValue for id
20:43:00.953 [main] DEBUG org.hibernate.cfg.annotations.PropertyBinder - Building property id
20:43:00.953 [main] DEBUG org.hibernate.cfg.BinderHelper - #makeIdGenerator(org.hibernate.mapping.SimpleValue([org.hibernate.mapping.Column(id)]), id, identity, , ...)
20:43:00.954 [main] DEBUG org.hibernate.cfg.Ejb3Column - Binding column: Ejb3Column{table=org.hibernate.mapping.Table(soldier), mappingColumn=Age, insertable=true, updatable=true, unique=false}
20:43:00.954 [main] DEBUG org.hibernate.cfg.annotations.PropertyBinder - MetadataSourceProcessor property age with lazy=false
20:43:00.954 [main] DEBUG org.hibernate.cfg.AbstractPropertyHolder - Attempting to locate auto-apply AttributeConverter for property [kz.iitu.itse1907.saylau.entity.Soldier:age]
20:43:00.954 [main] DEBUG org.hibernate.cfg.annotations.SimpleValueBinder - building SimpleValue for age
20:43:00.954 [main] DEBUG org.hibernate.cfg.annotations.PropertyBinder - Building property age
20:43:00.954 [main] DEBUG org.hibernate.cfg.Ejb3Column - Binding column: Ejb3Column{table=org.hibernate.mapping.Table(soldier), mappingColumn=FirstName, insertable=true, updatable=true, unique=false}
20:43:00.954 [main] DEBUG org.hibernate.cfg.annotations.PropertyBinder - MetadataSourceProcessor property first_name with lazy=false
20:43:00.954 [main] DEBUG org.hibernate.cfg.AbstractPropertyHolder - Attempting to locate auto-apply AttributeConverter for property [kz.iitu.itse1907.saylau.entity.Soldier:first_name]
20:43:00.954 [main] DEBUG org.hibernate.cfg.annotations.SimpleValueBinder - building SimpleValue for first_name
20:43:00.955 [main] DEBUG org.hibernate.cfg.annotations.PropertyBinder - Building property first_name
20:43:00.955 [main] DEBUG org.hibernate.cfg.Ejb3Column - Binding column: Ejb3Column{table=org.hibernate.mapping.Table(soldier), mappingColumn=LastName, insertable=true, updatable=true, unique=false}
20:43:00.955 [main] DEBUG org.hibernate.cfg.annotations.PropertyBinder - MetadataSourceProcessor property last_name with lazy=false
20:43:00.955 [main] DEBUG org.hibernate.cfg.AbstractPropertyHolder - Attempting to locate auto-apply AttributeConverter for property [kz.iitu.itse1907.saylau.entity.Soldier:last_name]
20:43:00.955 [main] DEBUG org.hibernate.cfg.annotations.SimpleValueBinder - building SimpleValue for last_name
20:43:00.955 [main] DEBUG org.hibernate.cfg.annotations.PropertyBinder - Building property last_name
20:43:00.955 [main] DEBUG org.hibernate.cfg.Ejb3Column - Binding column: Ejb3Column{table=org.hibernate.mapping.Table(soldier), mappingColumn=Rank, insertable=true, updatable=true, unique=false}
20:43:00.955 [main] DEBUG org.hibernate.cfg.annotations.PropertyBinder - MetadataSourceProcessor property rank with lazy=false
20:43:00.955 [main] DEBUG org.hibernate.cfg.AbstractPropertyHolder - Attempting to locate auto-apply AttributeConverter for property [kz.iitu.itse1907.saylau.entity.Soldier:rank]
20:43:00.955 [main] DEBUG org.hibernate.cfg.annotations.SimpleValueBinder - building SimpleValue for rank
20:43:00.955 [main] DEBUG org.hibernate.cfg.annotations.PropertyBinder - Building property rank
20:43:00.958 [main] DEBUG org.hibernate.cfg.Ejb3Column - Binding column: Ejb3JoinColumn{logicalColumnName='SquadId', referencedColumn='', mappedBy=''}
20:43:00.960 [main] DEBUG org.hibernate.cfg.Ejb3Column - Binding column: Ejb3Column{table=org.hibernate.mapping.Table(soldier), mappingColumn=squad, insertable=true, updatable=true, unique=false}
20:43:00.964 [main] DEBUG org.hibernate.cfg.annotations.PropertyBinder - Building property squad
20:43:00.965 [main] DEBUG org.hibernate.cfg.AnnotationBinder - Binding entity from annotated class: kz.iitu.itse1907.saylau.entity.Squad
20:43:00.965 [main] DEBUG org.hibernate.cfg.Ejb3Column - Binding column: Ejb3DiscriminatorColumn{logicalColumnName'DTYPE', discriminatorTypeName='string'}
20:43:00.965 [main] DEBUG org.hibernate.cfg.annotations.EntityBinder - Import with entity name Squad
20:43:00.965 [main] DEBUG org.hibernate.cfg.annotations.EntityBinder - Bind entity kz.iitu.itse1907.saylau.entity.Squad on table squad
20:43:00.969 [main] DEBUG org.hibernate.cfg.Ejb3Column - Binding column: Ejb3Column{table=org.hibernate.mapping.Table(squad), mappingColumn=ID, insertable=true, updatable=true, unique=false}
20:43:00.970 [main] DEBUG org.hibernate.boot.internal.ClassLoaderAccessImpl - Not known whether passed class name [kz.iitu.itse1907.saylau.entity.Squad] is safe
20:43:00.970 [main] DEBUG org.hibernate.boot.internal.ClassLoaderAccessImpl - No temp ClassLoader provided; using live ClassLoader for loading potentially unsafe class : kz.iitu.itse1907.saylau.entity.Squad
20:43:00.970 [main] DEBUG org.hibernate.cfg.annotations.PropertyBinder - MetadataSourceProcessor property id with lazy=false
20:43:00.970 [main] DEBUG org.hibernate.cfg.AbstractPropertyHolder - Attempting to locate auto-apply AttributeConverter for property [kz.iitu.itse1907.saylau.entity.Squad:id]
20:43:00.970 [main] DEBUG org.hibernate.cfg.annotations.SimpleValueBinder - building SimpleValue for id
20:43:00.970 [main] DEBUG org.hibernate.cfg.annotations.PropertyBinder - Building property id
20:43:00.970 [main] DEBUG org.hibernate.cfg.BinderHelper - #makeIdGenerator(org.hibernate.mapping.SimpleValue([org.hibernate.mapping.Column(ID)]), id, identity, , ...)
20:43:00.970 [main] DEBUG org.hibernate.cfg.Ejb3Column - Binding column: Ejb3Column{table=org.hibernate.mapping.Table(squad), mappingColumn=SquadNumber, insertable=true, updatable=true, unique=false}
20:43:00.971 [main] DEBUG org.hibernate.cfg.annotations.PropertyBinder - MetadataSourceProcessor property SquadNumber with lazy=false
20:43:00.971 [main] DEBUG org.hibernate.cfg.AbstractPropertyHolder - Attempting to locate auto-apply AttributeConverter for property [kz.iitu.itse1907.saylau.entity.Squad:SquadNumber]
20:43:00.971 [main] DEBUG org.hibernate.cfg.annotations.SimpleValueBinder - building SimpleValue for SquadNumber
20:43:00.971 [main] DEBUG org.hibernate.cfg.annotations.PropertyBinder - Building property SquadNumber
20:43:00.971 [main] DEBUG org.hibernate.cfg.Ejb3Column - Binding column: Ejb3JoinColumn{logicalColumnName='CaptainID', referencedColumn='', mappedBy=''}
20:43:00.971 [main] DEBUG org.hibernate.cfg.Ejb3Column - Binding column: Ejb3Column{table=org.hibernate.mapping.Table(squad), mappingColumn=captain, insertable=true, updatable=true, unique=false}
20:43:00.971 [main] DEBUG org.hibernate.cfg.annotations.PropertyBinder - Building property captain
20:43:00.972 [main] DEBUG org.hibernate.cfg.Ejb3Column - Binding column: Ejb3JoinColumn{logicalColumnName='SquadId', referencedColumn='', mappedBy=''}
20:43:00.972 [main] DEBUG org.hibernate.cfg.Ejb3Column - Binding column: Ejb3Column{table=org.hibernate.mapping.Table(squad), mappingColumn=soldiers, insertable=true, updatable=true, unique=false}
20:43:00.974 [main] DEBUG org.hibernate.cfg.Ejb3Column - Binding column: Ejb3Column{table=org.hibernate.mapping.Table(squad), mappingColumn=null, insertable=true, updatable=true, unique=false}
20:43:00.985 [main] DEBUG org.hibernate.cfg.Ejb3Column - Binding column: Ejb3Column{table=org.hibernate.mapping.Table(squad), mappingColumn=element, insertable=true, updatable=true, unique=false}
20:43:00.986 [main] DEBUG org.hibernate.cfg.Ejb3Column - Binding column: Ejb3Column{table=org.hibernate.mapping.Table(squad), mappingColumn=soldiers_KEY, insertable=true, updatable=true, unique=false}
20:43:00.986 [main] DEBUG org.hibernate.cfg.Ejb3Column - Binding column: Ejb3JoinColumn{logicalColumnName='soldiers_KEY', referencedColumn='null', mappedBy='null'}
20:43:00.987 [main] DEBUG org.hibernate.cfg.Ejb3Column - Binding column: Ejb3JoinColumn{logicalColumnName='null', referencedColumn='null', mappedBy=''}
20:43:00.987 [main] DEBUG org.hibernate.cfg.Ejb3Column - Binding column: Ejb3JoinColumn{logicalColumnName='null', referencedColumn='null', mappedBy=''}
20:43:00.988 [main] DEBUG org.hibernate.cfg.annotations.CollectionBinder - Collection role: kz.iitu.itse1907.saylau.entity.Squad.soldiers
20:43:00.990 [main] DEBUG org.hibernate.cfg.annotations.PropertyBinder - Building property soldiers
20:43:00.993 [main] DEBUG org.hibernate.cfg.annotations.SimpleValueBinder - Starting fillSimpleValue for id
20:43:00.993 [main] DEBUG org.hibernate.cfg.annotations.SimpleValueBinder - Starting fillSimpleValue for age
20:43:00.993 [main] DEBUG org.hibernate.cfg.annotations.SimpleValueBinder - Starting fillSimpleValue for first_name
20:43:00.993 [main] DEBUG org.hibernate.cfg.annotations.SimpleValueBinder - Starting fillSimpleValue for last_name
20:43:00.993 [main] DEBUG org.hibernate.cfg.annotations.SimpleValueBinder - Starting fillSimpleValue for rank
20:43:00.994 [main] DEBUG org.hibernate.cfg.annotations.SimpleValueBinder - Starting fillSimpleValue for id
20:43:00.994 [main] DEBUG org.hibernate.cfg.annotations.SimpleValueBinder - Starting fillSimpleValue for age
20:43:00.994 [main] DEBUG org.hibernate.cfg.annotations.SimpleValueBinder - Starting fillSimpleValue for first_name
20:43:00.994 [main] DEBUG org.hibernate.cfg.annotations.SimpleValueBinder - Starting fillSimpleValue for last_name
20:43:00.994 [main] DEBUG org.hibernate.cfg.annotations.SimpleValueBinder - Starting fillSimpleValue for rank
20:43:00.994 [main] DEBUG org.hibernate.cfg.annotations.SimpleValueBinder - Starting fillSimpleValue for id
20:43:00.994 [main] DEBUG org.hibernate.cfg.annotations.SimpleValueBinder - Starting fillSimpleValue for SquadNumber
20:43:01.000 [main] DEBUG org.hibernate.mapping.PrimaryKey - Forcing column [id] to be non-null as it is part of the primary key for table [captain]
20:43:01.000 [main] DEBUG org.hibernate.mapping.PrimaryKey - Forcing column [id] to be non-null as it is part of the primary key for table [soldier]
20:43:01.000 [main] DEBUG org.hibernate.mapping.PrimaryKey - Forcing column [id] to be non-null as it is part of the primary key for table [squad]
20:43:01.000 [main] DEBUG org.hibernate.cfg.CollectionSecondPass - Second pass for collection: kz.iitu.itse1907.saylau.entity.Squad.soldiers
20:43:01.000 [main] DEBUG org.hibernate.cfg.annotations.CollectionBinder - Binding a OneToMany: kz.iitu.itse1907.saylau.entity.Squad.soldiers through a foreign key
20:43:01.001 [main] DEBUG org.hibernate.cfg.annotations.CollectionBinder - Mapping collection: kz.iitu.itse1907.saylau.entity.Squad.soldiers -> soldier
20:43:01.002 [main] DEBUG org.hibernate.cfg.CollectionSecondPass - Mapped collection key: SquadId, one-to-many: kz.iitu.itse1907.saylau.entity.Soldier
20:43:01.003 [main] DEBUG org.hibernate.boot.internal.InFlightMetadataCollectorImpl - Resolving reference to class: kz.iitu.itse1907.saylau.entity.Squad
20:43:01.006 [main] DEBUG org.hibernate.boot.internal.InFlightMetadataCollectorImpl - Resolving reference to class: kz.iitu.itse1907.saylau.entity.Captain
20:43:01.008 [main] DEBUG org.hibernate.boot.internal.InFlightMetadataCollectorImpl - Resolving reference to class: kz.iitu.itse1907.saylau.entity.Squad
20:43:01.008 [main] DEBUG org.hibernate.boot.internal.InFlightMetadataCollectorImpl - Resolving reference to class: kz.iitu.itse1907.saylau.entity.Captain
20:43:01.049 [main] DEBUG org.hibernate.internal.SessionFactoryImpl - Building session factory
20:43:01.050 [main] DEBUG org.hibernate.cfg.Settings - SessionFactory name : null
20:43:01.051 [main] DEBUG org.hibernate.cfg.Settings - Automatic flush during beforeCompletion(): enabled
20:43:01.051 [main] DEBUG org.hibernate.cfg.Settings - Automatic session close at end of transaction: disabled
20:43:01.051 [main] DEBUG org.hibernate.cfg.Settings - Statistics: disabled
20:43:01.051 [main] DEBUG org.hibernate.cfg.Settings - Deleted entity synthetic identifier rollback: disabled
20:43:01.051 [main] DEBUG org.hibernate.cfg.Settings - Default entity-mode: pojo
20:43:01.051 [main] DEBUG org.hibernate.cfg.Settings - Check Nullability in Core (should be disabled when Bean Validation is on): enabled
20:43:01.051 [main] DEBUG org.hibernate.cfg.Settings - Allow initialization of lazy state outside session : disabled
20:43:01.051 [main] DEBUG org.hibernate.cfg.Settings - Using BatchFetchStyle : LEGACY
20:43:01.051 [main] DEBUG org.hibernate.cfg.Settings - Default batch fetch size: -1
20:43:01.051 [main] DEBUG org.hibernate.cfg.Settings - Maximum outer join fetch depth: null
20:43:01.051 [main] DEBUG org.hibernate.cfg.Settings - Default null ordering: NONE
20:43:01.051 [main] DEBUG org.hibernate.cfg.Settings - Order SQL updates by primary key: disabled
20:43:01.051 [main] DEBUG org.hibernate.cfg.Settings - Order SQL inserts for batching: disabled
20:43:01.051 [main] DEBUG org.hibernate.cfg.Settings - multi-tenancy strategy : NONE
20:43:01.051 [main] DEBUG org.hibernate.cfg.Settings - JTA Track by Thread: enabled
20:43:01.052 [main] DEBUG org.hibernate.cfg.Settings - Query language substitutions: {}
20:43:01.052 [main] DEBUG org.hibernate.cfg.Settings - Named query checking : enabled
20:43:01.052 [main] DEBUG org.hibernate.cfg.Settings - Second-level cache: disabled
20:43:01.052 [main] DEBUG org.hibernate.cfg.Settings - Second-level query cache: disabled
20:43:01.052 [main] DEBUG org.hibernate.cfg.Settings - Second-level query cache factory: null
20:43:01.052 [main] DEBUG org.hibernate.cfg.Settings - Second-level cache region prefix: null
20:43:01.052 [main] DEBUG org.hibernate.cfg.Settings - Optimize second-level cache for minimal puts: disabled
20:43:01.052 [main] DEBUG org.hibernate.cfg.Settings - Structured second-level cache entries: disabled
20:43:01.052 [main] DEBUG org.hibernate.cfg.Settings - Second-level cache direct-reference entries: disabled
20:43:01.052 [main] DEBUG org.hibernate.cfg.Settings - Automatic eviction of collection cache: disabled
20:43:01.052 [main] DEBUG org.hibernate.cfg.Settings - JDBC batch size: 15
20:43:01.052 [main] DEBUG org.hibernate.cfg.Settings - JDBC batch updates for versioned data: enabled
20:43:01.053 [main] DEBUG org.hibernate.cfg.Settings - Scrollable result sets: enabled
20:43:01.053 [main] DEBUG org.hibernate.cfg.Settings - Wrap result sets: disabled
20:43:01.053 [main] DEBUG org.hibernate.cfg.Settings - JDBC3 getGeneratedKeys(): enabled
20:43:01.053 [main] DEBUG org.hibernate.cfg.Settings - JDBC result set fetch size: null
20:43:01.053 [main] DEBUG org.hibernate.cfg.Settings - Connection release mode: ON_CLOSE
20:43:01.053 [main] DEBUG org.hibernate.cfg.Settings - Generate SQL with comments: enabled
20:43:01.053 [main] DEBUG org.hibernate.cfg.Settings - JPA compliance - query : disabled
20:43:01.053 [main] DEBUG org.hibernate.cfg.Settings - JPA compliance - closed-handling : disabled
20:43:01.053 [main] DEBUG org.hibernate.cfg.Settings - JPA compliance - lists : disabled
20:43:01.053 [main] DEBUG org.hibernate.cfg.Settings - JPA compliance - transactions : disabled
20:43:01.122 [main] DEBUG org.hibernate.service.internal.SessionFactoryServiceRegistryImpl - EventListenerRegistry access via ServiceRegistry is deprecated.  Use `sessionFactory.getEventEngine().getListenerRegistry()` instead
20:43:01.123 [main] DEBUG org.hibernate.service.internal.SessionFactoryServiceRegistryImpl - EventListenerRegistry access via ServiceRegistry is deprecated.  Use `sessionFactory.getEventEngine().getListenerRegistry()` instead
20:43:01.139 [main] DEBUG org.hibernate.internal.SessionFactoryImpl - Session factory constructed with filter configurations : {}
20:43:01.139 [main] DEBUG org.hibernate.internal.SessionFactoryImpl - Instantiating session factory with properties: {sun.desktop=windows, awt.toolkit=sun.awt.windows.WToolkit, hibernate.format_sql=true, java.specification.version=11, sun.cpu.isalist=amd64, hibernate.connection.handling_mode=DELAYED_ACQUISITION_AND_HOLD, sun.jnu.encoding=Cp1251, hibernate.dialect=org.hibernate.dialect.PostgreSQLDialect, java.class.path=C:\Users\almaz\OneDrive\Рабочий стол\Lab8\target\test-classes;C:\Users\almaz\OneDrive\Рабочий стол\Lab8\target\classes;C:\Users\almaz\.m2\repository\org\springframework\boot\spring-boot-starter-batch\2.6.3\spring-boot-starter-batch-2.6.3.jar;C:\Users\almaz\.m2\repository\org\springframework\boot\spring-boot-starter-jdbc\2.6.3\spring-boot-starter-jdbc-2.6.3.jar;C:\Users\almaz\.m2\repository\com\zaxxer\HikariCP\4.0.3\HikariCP-4.0.3.jar;C:\Users\almaz\.m2\repository\org\springframework\spring-jdbc\5.3.15\spring-jdbc-5.3.15.jar;C:\Users\almaz\.m2\repository\org\springframework\boot\spring-boot-starter-data-jpa\2.6.3\spring-boot-starter-data-jpa-2.6.3.jar;C:\Users\almaz\.m2\repository\org\springframework\boot\spring-boot-starter-aop\2.6.3\spring-boot-starter-aop-2.6.3.jar;C:\Users\almaz\.m2\repository\jakarta\transaction\jakarta.transaction-api\1.3.3\jakarta.transaction-api-1.3.3.jar;C:\Users\almaz\.m2\repository\jakarta\persistence\jakarta.persistence-api\2.2.3\jakarta.persistence-api-2.2.3.jar;C:\Users\almaz\.m2\repository\org\springframework\spring-aspects\5.3.15\spring-aspects-5.3.15.jar;C:\Users\almaz\.m2\repository\org\projectlombok\lombok\1.18.22\lombok-1.18.22.jar;C:\Users\almaz\.m2\repository\org\springframework\data\spring-data-jpa\2.6.1\spring-data-jpa-2.6.1.jar;C:\Users\almaz\.m2\repository\org\springframework\data\spring-data-commons\2.6.1\spring-data-commons-2.6.1.jar;C:\Users\almaz\.m2\repository\org\springframework\spring-orm\5.3.15\spring-orm-5.3.15.jar;C:\Users\almaz\.m2\repository\org\springframework\spring-aop\5.3.15\spring-aop-5.3.15.jar;C:\Users\almaz\.m2\repository\org\springframework\spring-tx\5.3.15\spring-tx-5.3.15.jar;C:\Users\almaz\.m2\repository\org\slf4j\slf4j-api\1.7.33\slf4j-api-1.7.33.jar;C:\Users\almaz\.m2\repository\jakarta\validation\jakarta.validation-api\2.0.2\jakarta.validation-api-2.0.2.jar;C:\Users\almaz\.m2\repository\org\springframework\boot\spring-boot-starter\2.6.3\spring-boot-starter-2.6.3.jar;C:\Users\almaz\.m2\repository\org\springframework\boot\spring-boot\2.6.3\spring-boot-2.6.3.jar;C:\Users\almaz\.m2\repository\org\springframework\boot\spring-boot-autoconfigure\2.6.3\spring-boot-autoconfigure-2.6.3.jar;C:\Users\almaz\.m2\repository\org\springframework\boot\spring-boot-starter-logging\2.6.3\spring-boot-starter-logging-2.6.3.jar;C:\Users\almaz\.m2\repository\ch\qos\logback\logback-classic\1.2.10\logback-classic-1.2.10.jar;C:\Users\almaz\.m2\repository\ch\qos\logback\logback-core\1.2.10\logback-core-1.2.10.jar;C:\Users\almaz\.m2\repository\org\apache\logging\log4j\log4j-to-slf4j\2.17.1\log4j-to-slf4j-2.17.1.jar;C:\Users\almaz\.m2\repository\org\apache\logging\log4j\log4j-api\2.17.1\log4j-api-2.17.1.jar;C:\Users\almaz\.m2\repository\org\slf4j\jul-to-slf4j\1.7.33\jul-to-slf4j-1.7.33.jar;C:\Users\almaz\.m2\repository\jakarta\annotation\jakarta.annotation-api\1.3.5\jakarta.annotation-api-1.3.5.jar;C:\Users\almaz\.m2\repository\org\yaml\snakeyaml\1.29\snakeyaml-1.29.jar;C:\Users\almaz\.m2\repository\org\springframework\boot\spring-boot-starter-test\2.6.3\spring-boot-starter-test-2.6.3.jar;C:\Users\almaz\.m2\repository\org\springframework\boot\spring-boot-test\2.6.3\spring-boot-test-2.6.3.jar;C:\Users\almaz\.m2\repository\org\springframework\boot\spring-boot-test-autoconfigure\2.6.3\spring-boot-test-autoconfigure-2.6.3.jar;C:\Users\almaz\.m2\repository\com\jayway\jsonpath\json-path\2.6.0\json-path-2.6.0.jar;C:\Users\almaz\.m2\repository\net\minidev\json-smart\2.4.7\json-smart-2.4.7.jar;C:\Users\almaz\.m2\repository\net\minidev\accessors-smart\2.4.7\accessors-smart-2.4.7.jar;C:\Users\almaz\.m2\repository\org\ow2\asm\asm\9.1\asm-9.1.jar;C:\Users\almaz\.m2\repository\jakarta\xml\bind\jakarta.xml.bind-api\2.3.3\jakarta.xml.bind-api-2.3.3.jar;C:\Users\almaz\.m2\repository\jakarta\activation\jakarta.activation-api\1.2.2\jakarta.activation-api-1.2.2.jar;C:\Users\almaz\.m2\repository\org\assertj\assertj-core\3.21.0\assertj-core-3.21.0.jar;C:\Users\almaz\.m2\repository\org\hamcrest\hamcrest\2.2\hamcrest-2.2.jar;C:\Users\almaz\.m2\repository\org\junit\jupiter\junit-jupiter\5.8.2\junit-jupiter-5.8.2.jar;C:\Users\almaz\.m2\repository\org\junit\jupiter\junit-jupiter-api\5.8.2\junit-jupiter-api-5.8.2.jar;C:\Users\almaz\.m2\repository\org\opentest4j\opentest4j\1.2.0\opentest4j-1.2.0.jar;C:\Users\almaz\.m2\repository\org\junit\platform\junit-platform-commons\1.8.2\junit-platform-commons-1.8.2.jar;C:\Users\almaz\.m2\repository\org\apiguardian\apiguardian-api\1.1.2\apiguardian-api-1.1.2.jar;C:\Users\almaz\.m2\repository\org\junit\jupiter\junit-jupiter-params\5.8.2\junit-jupiter-params-5.8.2.jar;C:\Users\almaz\.m2\repository\org\junit\jupiter\junit-jupiter-engine\5.8.2\junit-jupiter-engine-5.8.2.jar;C:\Users\almaz\.m2\repository\org\junit\platform\junit-platform-engine\1.8.2\junit-platform-engine-1.8.2.jar;C:\Users\almaz\.m2\repository\org\mockito\mockito-core\4.0.0\mockito-core-4.0.0.jar;C:\Users\almaz\.m2\repository\net\bytebuddy\byte-buddy-agent\1.11.22\byte-buddy-agent-1.11.22.jar;C:\Users\almaz\.m2\repository\org\objenesis\objenesis\3.2\objenesis-3.2.jar;C:\Users\almaz\.m2\repository\org\mockito\mockito-junit-jupiter\4.0.0\mockito-junit-jupiter-4.0.0.jar;C:\Users\almaz\.m2\repository\org\skyscreamer\jsonassert\1.5.0\jsonassert-1.5.0.jar;C:\Users\almaz\.m2\repository\com\vaadin\external\google\android-json\0.0.20131108.vaadin1\android-json-0.0.20131108.vaadin1.jar;C:\Users\almaz\.m2\repository\org\xmlunit\xmlunit-core\2.8.4\xmlunit-core-2.8.4.jar;C:\Users\almaz\.m2\repository\org\springframework\spring-core\5.3.15\spring-core-5.3.15.jar;C:\Users\almaz\.m2\repository\org\springframework\spring-jcl\5.3.15\spring-jcl-5.3.15.jar;C:\Users\almaz\.m2\repository\org\springframework\spring-context\5.3.15\spring-context-5.3.15.jar;C:\Users\almaz\.m2\repository\org\springframework\spring-expression\5.3.15\spring-expression-5.3.15.jar;C:\Users\almaz\.m2\repository\org\springframework\spring-beans\5.3.15\spring-beans-5.3.15.jar;C:\Users\almaz\.m2\repository\org\aspectj\aspectjweaver\1.9.6\aspectjweaver-1.9.6.jar;C:\Users\almaz\.m2\repository\org\springframework\spring-test\5.3.15\spring-test-5.3.15.jar;C:\Users\almaz\.m2\repository\junit\junit\4.13.2\junit-4.13.2.jar;C:\Users\almaz\.m2\repository\org\hamcrest\hamcrest-core\2.2\hamcrest-core-2.2.jar;C:\Users\almaz\.m2\repository\org\postgresql\postgresql\42.3.3\postgresql-42.3.3.jar;C:\Users\almaz\.m2\repository\org\checkerframework\checker-qual\3.5.0\checker-qual-3.5.0.jar;C:\Users\almaz\.m2\repository\org\springframework\batch\spring-batch-core\4.3.4\spring-batch-core-4.3.4.jar;C:\Users\almaz\.m2\repository\com\fasterxml\jackson\core\jackson-databind\2.13.1\jackson-databind-2.13.1.jar;C:\Users\almaz\.m2\repository\com\fasterxml\jackson\core\jackson-annotations\2.13.1\jackson-annotations-2.13.1.jar;C:\Users\almaz\.m2\repository\com\fasterxml\jackson\core\jackson-core\2.13.1\jackson-core-2.13.1.jar;C:\Users\almaz\.m2\repository\io\micrometer\micrometer-core\1.8.2\micrometer-core-1.8.2.jar;C:\Users\almaz\.m2\repository\org\hdrhistogram\HdrHistogram\2.1.12\HdrHistogram-2.1.12.jar;C:\Users\almaz\.m2\repository\org\latencyutils\LatencyUtils\2.0.3\LatencyUtils-2.0.3.jar;C:\Users\almaz\.m2\repository\javax\batch\javax.batch-api\1.0\javax.batch-api-1.0.jar;C:\Users\almaz\.m2\repository\org\codehaus\jettison\jettison\1.2\jettison-1.2.jar;C:\Users\almaz\.m2\repository\org\springframework\batch\spring-batch-infrastructure\4.3.4\spring-batch-infrastructure-4.3.4.jar;C:\Users\almaz\.m2\repository\org\springframework\retry\spring-retry\1.3.1\spring-retry-1.3.1.jar;C:\Users\almaz\.m2\repository\javax\annotation\javax.annotation-api\1.3.2\javax.annotation-api-1.3.2.jar;C:\Users\almaz\.m2\repository\org\springframework\batch\spring-batch-test\4.3.4\spring-batch-test-4.3.4.jar;C:\Users\almaz\.m2\repository\org\hibernate\hibernate-core\5.6.5.Final\hibernate-core-5.6.5.Final.jar;C:\Users\almaz\.m2\repository\org\jboss\logging\jboss-logging\3.4.3.Final\jboss-logging-3.4.3.Final.jar;C:\Users\almaz\.m2\repository\javax\persistence\javax.persistence-api\2.2\javax.persistence-api-2.2.jar;C:\Users\almaz\.m2\repository\net\bytebuddy\byte-buddy\1.11.22\byte-buddy-1.11.22.jar;C:\Users\almaz\.m2\repository\antlr\antlr\2.7.7\antlr-2.7.7.jar;C:\Users\almaz\.m2\repository\org\jboss\spec\javax\transaction\jboss-transaction-api_1.2_spec\1.1.1.Final\jboss-transaction-api_1.2_spec-1.1.1.Final.jar;C:\Users\almaz\.m2\repository\org\jboss\jandex\2.4.2.Final\jandex-2.4.2.Final.jar;C:\Users\almaz\.m2\repository\com\fasterxml\classmate\1.5.1\classmate-1.5.1.jar;C:\Users\almaz\.m2\repository\javax\activation\javax.activation-api\1.2.0\javax.activation-api-1.2.0.jar;C:\Users\almaz\.m2\repository\javax\xml\bind\jaxb-api\2.3.1\jaxb-api-2.3.1.jar;C:\Users\almaz\.m2\repository\org\glassfish\jaxb\jaxb-runtime\2.3.5\jaxb-runtime-2.3.5.jar;C:\Users\almaz\.m2\repository\org\glassfish\jaxb\txw2\2.3.5\txw2-2.3.5.jar;C:\Users\almaz\.m2\repository\com\sun\istack\istack-commons-runtime\3.0.12\istack-commons-runtime-3.0.12.jar;C:\Users\almaz\.m2\repository\com\sun\activation\jakarta.activation\1.2.2\jakarta.activation-1.2.2.jar;C:\Users\almaz\.m2\repository\org\hibernate\common\hibernate-commons-annotations\5.1.2.Final\hibernate-commons-annotations-5.1.2.Final.jar;C:\Users\almaz\.m2\repository\org\springframework\boot\spring-boot-starter-web\2.6.3\spring-boot-starter-web-2.6.3.jar;C:\Users\almaz\.m2\repository\org\springframework\boot\spring-boot-starter-json\2.6.3\spring-boot-starter-json-2.6.3.jar;C:\Users\almaz\.m2\repository\com\fasterxml\jackson\datatype\jackson-datatype-jdk8\2.13.1\jackson-datatype-jdk8-2.13.1.jar;C:\Users\almaz\.m2\repository\com\fasterxml\jackson\datatype\jackson-datatype-jsr310\2.13.1\jackson-datatype-jsr310-2.13.1.jar;C:\Users\almaz\.m2\repository\com\fasterxml\jackson\module\jackson-module-parameter-names\2.13.1\jackson-module-parameter-names-2.13.1.jar;C:\Users\almaz\.m2\repository\org\springframework\boot\spring-boot-starter-tomcat\2.6.3\spring-boot-starter-tomcat-2.6.3.jar;C:\Users\almaz\.m2\repository\org\apache\tomcat\embed\tomcat-embed-core\9.0.56\tomcat-embed-core-9.0.56.jar;C:\Users\almaz\.m2\repository\org\apache\tomcat\embed\tomcat-embed-el\9.0.56\tomcat-embed-el-9.0.56.jar;C:\Users\almaz\.m2\repository\org\apache\tomcat\embed\tomcat-embed-websocket\9.0.56\tomcat-embed-websocket-9.0.56.jar;C:\Users\almaz\.m2\repository\org\springframework\spring-web\5.3.15\spring-web-5.3.15.jar;C:\Users\almaz\.m2\repository\org\springframework\spring-webmvc\5.3.15\spring-webmvc-5.3.15.jar;, java.vm.vendor=Amazon.com Inc., sun.arch.data.model=64, user.variant=, java.vendor.url=https://aws.amazon.com/corretto/, user.timezone=Asia/Almaty, jakarta.persistence.sharedCache.mode=UNSPECIFIED, user.country.format=KZ, os.name=Windows 10, java.vm.specification.version=11, javax.persistence.validation.mode=AUTO, jakarta.persistence.nonJtaDataSource=org.springframework.jdbc.datasource.DriverManagerDataSource@3db663d0, sun.java.launcher=SUN_STANDARD, user.country=RU, sun.boot.library.path=C:\Users\almaz\.jdks\corretto-11.0.15\bin, sun.java.command=C:\Users\almaz\AppData\Local\Temp\surefire10350569853015669685\surefirebooter5584954628051203214.jar C:\Users\almaz\AppData\Local\Temp\surefire10350569853015669685 2022-04-25T20-42-56_782-jvmRun1 surefire10456438356214907713tmp surefire_014128203095595137067tmp, javax.persistence.nonJtaDataSource=org.springframework.jdbc.datasource.DriverManagerDataSource@3db663d0, hibernate.use_sql_comments=true, javax.persistence.sharedCache.mode=UNSPECIFIED, jdk.debug=release, surefire.test.class.path=C:\Users\almaz\OneDrive\Рабочий стол\Lab8\target\test-classes;C:\Users\almaz\OneDrive\Рабочий стол\Lab8\target\classes;C:\Users\almaz\.m2\repository\org\springframework\boot\spring-boot-starter-batch\2.6.3\spring-boot-starter-batch-2.6.3.jar;C:\Users\almaz\.m2\repository\org\springframework\boot\spring-boot-starter-jdbc\2.6.3\spring-boot-starter-jdbc-2.6.3.jar;C:\Users\almaz\.m2\repository\com\zaxxer\HikariCP\4.0.3\HikariCP-4.0.3.jar;C:\Users\almaz\.m2\repository\org\springframework\spring-jdbc\5.3.15\spring-jdbc-5.3.15.jar;C:\Users\almaz\.m2\repository\org\springframework\boot\spring-boot-starter-data-jpa\2.6.3\spring-boot-starter-data-jpa-2.6.3.jar;C:\Users\almaz\.m2\repository\org\springframework\boot\spring-boot-starter-aop\2.6.3\spring-boot-starter-aop-2.6.3.jar;C:\Users\almaz\.m2\repository\jakarta\transaction\jakarta.transaction-api\1.3.3\jakarta.transaction-api-1.3.3.jar;C:\Users\almaz\.m2\repository\jakarta\persistence\jakarta.persistence-api\2.2.3\jakarta.persistence-api-2.2.3.jar;C:\Users\almaz\.m2\repository\org\springframework\spring-aspects\5.3.15\spring-aspects-5.3.15.jar;C:\Users\almaz\.m2\repository\org\projectlombok\lombok\1.18.22\lombok-1.18.22.jar;C:\Users\almaz\.m2\repository\org\springframework\data\spring-data-jpa\2.6.1\spring-data-jpa-2.6.1.jar;C:\Users\almaz\.m2\repository\org\springframework\data\spring-data-commons\2.6.1\spring-data-commons-2.6.1.jar;C:\Users\almaz\.m2\repository\org\springframework\spring-orm\5.3.15\spring-orm-5.3.15.jar;C:\Users\almaz\.m2\repository\org\springframework\spring-aop\5.3.15\spring-aop-5.3.15.jar;C:\Users\almaz\.m2\repository\org\springframework\spring-tx\5.3.15\spring-tx-5.3.15.jar;C:\Users\almaz\.m2\repository\org\slf4j\slf4j-api\1.7.33\slf4j-api-1.7.33.jar;C:\Users\almaz\.m2\repository\jakarta\validation\jakarta.validation-api\2.0.2\jakarta.validation-api-2.0.2.jar;C:\Users\almaz\.m2\repository\org\springframework\boot\spring-boot-starter\2.6.3\spring-boot-starter-2.6.3.jar;C:\Users\almaz\.m2\repository\org\springframework\boot\spring-boot\2.6.3\spring-boot-2.6.3.jar;C:\Users\almaz\.m2\repository\org\springframework\boot\spring-boot-autoconfigure\2.6.3\spring-boot-autoconfigure-2.6.3.jar;C:\Users\almaz\.m2\repository\org\springframework\boot\spring-boot-starter-logging\2.6.3\spring-boot-starter-logging-2.6.3.jar;C:\Users\almaz\.m2\repository\ch\qos\logback\logback-classic\1.2.10\logback-classic-1.2.10.jar;C:\Users\almaz\.m2\repository\ch\qos\logback\logback-core\1.2.10\logback-core-1.2.10.jar;C:\Users\almaz\.m2\repository\org\apache\logging\log4j\log4j-to-slf4j\2.17.1\log4j-to-slf4j-2.17.1.jar;C:\Users\almaz\.m2\repository\org\apache\logging\log4j\log4j-api\2.17.1\log4j-api-2.17.1.jar;C:\Users\almaz\.m2\repository\org\slf4j\jul-to-slf4j\1.7.33\jul-to-slf4j-1.7.33.jar;C:\Users\almaz\.m2\repository\jakarta\annotation\jakarta.annotation-api\1.3.5\jakarta.annotation-api-1.3.5.jar;C:\Users\almaz\.m2\repository\org\yaml\snakeyaml\1.29\snakeyaml-1.29.jar;C:\Users\almaz\.m2\repository\org\springframework\boot\spring-boot-starter-test\2.6.3\spring-boot-starter-test-2.6.3.jar;C:\Users\almaz\.m2\repository\org\springframework\boot\spring-boot-test\2.6.3\spring-boot-test-2.6.3.jar;C:\Users\almaz\.m2\repository\org\springframework\boot\spring-boot-test-autoconfigure\2.6.3\spring-boot-test-autoconfigure-2.6.3.jar;C:\Users\almaz\.m2\repository\com\jayway\jsonpath\json-path\2.6.0\json-path-2.6.0.jar;C:\Users\almaz\.m2\repository\net\minidev\json-smart\2.4.7\json-smart-2.4.7.jar;C:\Users\almaz\.m2\repository\net\minidev\accessors-smart\2.4.7\accessors-smart-2.4.7.jar;C:\Users\almaz\.m2\repository\org\ow2\asm\asm\9.1\asm-9.1.jar;C:\Users\almaz\.m2\repository\jakarta\xml\bind\jakarta.xml.bind-api\2.3.3\jakarta.xml.bind-api-2.3.3.jar;C:\Users\almaz\.m2\repository\jakarta\activation\jakarta.activation-api\1.2.2\jakarta.activation-api-1.2.2.jar;C:\Users\almaz\.m2\repository\org\assertj\assertj-core\3.21.0\assertj-core-3.21.0.jar;C:\Users\almaz\.m2\repository\org\hamcrest\hamcrest\2.2\hamcrest-2.2.jar;C:\Users\almaz\.m2\repository\org\junit\jupiter\junit-jupiter\5.8.2\junit-jupiter-5.8.2.jar;C:\Users\almaz\.m2\repository\org\junit\jupiter\junit
[...]
20:43:03.588 [main] DEBUG org.springframework.beans.factory.support.DefaultListableBeanFactory - Creating shared instance of singleton bean 'org.springframework.boot.autoconfigure.jdbc.metadata.DataSourcePoolMetadataProvidersConfiguration$HikariPoolDataSourceMetadataProviderConfiguration'
20:43:03.588 [main] DEBUG org.springframework.beans.factory.support.DefaultListableBeanFactory - Creating shared instance of singleton bean 'hikariPoolDataSourceMetadataProvider'
20:43:03.590 [main] DEBUG org.springframework.beans.factory.support.DefaultListableBeanFactory - Creating shared instance of singleton bean 'org.springframework.boot.autoconfigure.jdbc.metadata.DataSourcePoolMetadataProvidersConfiguration'
20:43:03.590 [main] DEBUG org.springframework.beans.factory.support.DefaultListableBeanFactory - Creating shared instance of singleton bean 'org.springframework.boot.autoconfigure.jdbc.DataSourceAutoConfiguration'
20:43:03.593 [main] DEBUG org.springframework.beans.factory.support.DefaultListableBeanFactory - Creating shared instance of singleton bean 'spring.datasource-org.springframework.boot.autoconfigure.jdbc.DataSourceProperties'
20:43:03.622 [main] DEBUG org.springframework.beans.factory.support.DefaultListableBeanFactory - Creating shared instance of singleton bean 'org.springframework.boot.autoconfigure.orm.jpa.HibernateJpaConfiguration'
20:43:03.624 [main] DEBUG org.springframework.beans.factory.support.DefaultListableBeanFactory - Creating shared instance of singleton bean 'spring.jpa-org.springframework.boot.autoconfigure.orm.jpa.JpaProperties'
20:43:03.629 [main] DEBUG org.springframework.beans.factory.support.DefaultListableBeanFactory - Creating shared instance of singleton bean 'spring.jpa.hibernate-org.springframework.boot.autoconfigure.orm.jpa.HibernateProperties'
20:43:03.632 [main] DEBUG org.springframework.beans.factory.support.DefaultListableBeanFactory - Autowiring by type from bean name 'org.springframework.boot.autoconfigure.orm.jpa.HibernateJpaConfiguration' via constructor to bean named 'dataSource'
20:43:03.632 [main] DEBUG org.springframework.beans.factory.support.DefaultListableBeanFactory - Autowiring by type from bean name 'org.springframework.boot.autoconfigure.orm.jpa.HibernateJpaConfiguration' via constructor to bean named 'spring.jpa-org.springframework.boot.autoconfigure.orm.jpa.JpaProperties'
20:43:03.632 [main] DEBUG org.springframework.beans.factory.support.DefaultListableBeanFactory - Autowiring by type from bean name 'org.springframework.boot.autoconfigure.orm.jpa.HibernateJpaConfiguration' via constructor to bean named 'org.springframework.beans.factory.support.DefaultListableBeanFactory@e70f13a'
20:43:03.632 [main] DEBUG org.springframework.beans.factory.support.DefaultListableBeanFactory - Autowiring by type from bean name 'org.springframework.boot.autoconfigure.orm.jpa.HibernateJpaConfiguration' via constructor to bean named 'spring.jpa.hibernate-org.springframework.boot.autoconfigure.orm.jpa.HibernateProperties'
20:43:03.644 [main] DEBUG org.springframework.beans.factory.support.DefaultListableBeanFactory - Creating shared instance of singleton bean 'entityManagerFactoryBuilder'
20:43:03.645 [main] DEBUG org.springframework.beans.factory.support.DefaultListableBeanFactory - Autowiring by type from bean name 'entityManagerFactoryBuilder' via factory method to bean named 'jpaVendorAdapter'
20:43:03.648 [main] DEBUG org.springframework.beans.factory.support.DefaultListableBeanFactory - Creating shared instance of singleton bean 'org.springframework.boot.autoconfigure.orm.jpa.HibernateJpaAutoConfiguration'
20:43:03.649 [main] DEBUG org.springframework.beans.factory.support.DefaultListableBeanFactory - Creating shared instance of singleton bean 'org.springframework.boot.autoconfigure.jackson.JacksonAutoConfiguration$Jackson2ObjectMapperBuilderCustomizerConfiguration'
20:43:03.649 [main] DEBUG org.springframework.beans.factory.support.DefaultListableBeanFactory - Creating shared instance of singleton bean 'standardJacksonObjectMapperBuilderCustomizer'
20:43:03.650 [main] DEBUG org.springframework.beans.factory.support.DefaultListableBeanFactory - Creating shared instance of singleton bean 'spring.jackson-org.springframework.boot.autoconfigure.jackson.JacksonProperties'
20:43:03.662 [main] DEBUG org.springframework.beans.factory.support.DefaultListableBeanFactory - Autowiring by type from bean name 'standardJacksonObjectMapperBuilderCustomizer' via factory method to bean named 'org.springframework.context.annotation.AnnotationConfigApplicationContext@17fc391b'
20:43:03.662 [main] DEBUG org.springframework.beans.factory.support.DefaultListableBeanFactory - Autowiring by type from bean name 'standardJacksonObjectMapperBuilderCustomizer' via factory method to bean named 'spring.jackson-org.springframework.boot.autoconfigure.jackson.JacksonProperties'
20:43:03.664 [main] DEBUG org.springframework.beans.factory.support.DefaultListableBeanFactory - Creating shared instance of singleton bean 'org.springframework.boot.autoconfigure.jackson.JacksonAutoConfiguration$JacksonObjectMapperBuilderConfiguration'
20:43:03.664 [main] DEBUG org.springframework.beans.factory.support.DefaultListableBeanFactory - Creating shared instance of singleton bean 'org.springframework.boot.autoconfigure.jackson.JacksonAutoConfiguration$ParameterNamesModuleConfiguration'
20:43:03.665 [main] DEBUG org.springframework.beans.factory.support.DefaultListableBeanFactory - Creating shared instance of singleton bean 'parameterNamesModule'
20:43:03.685 [main] DEBUG org.springframework.beans.factory.support.DefaultListableBeanFactory - Creating shared instance of singleton bean 'org.springframework.boot.autoconfigure.jackson.JacksonAutoConfiguration$JacksonObjectMapperConfiguration'
20:43:03.686 [main] DEBUG org.springframework.beans.factory.support.DefaultListableBeanFactory - Creating shared instance of singleton bean 'jacksonObjectMapper'
20:43:03.687 [main] DEBUG org.springframework.beans.factory.support.DefaultListableBeanFactory - Autowiring by type from bean name 'jacksonObjectMapperBuilder' via factory method to bean named 'org.springframework.context.annotation.AnnotationConfigApplicationContext@17fc391b'
20:43:03.687 [main] DEBUG org.springframework.beans.factory.support.DefaultListableBeanFactory - Autowiring by type from bean name 'jacksonObjectMapperBuilder' via factory method to bean named 'standardJacksonObjectMapperBuilderCustomizer'
20:43:03.690 [main] DEBUG org.springframework.beans.factory.support.DefaultListableBeanFactory - Creating shared instance of singleton bean 'jsonComponentModule'
20:43:03.690 [main] DEBUG org.springframework.beans.factory.support.DefaultListableBeanFactory - Creating shared instance of singleton bean 'org.springframework.boot.autoconfigure.jackson.JacksonAutoConfiguration'
20:43:03.703 [main] DEBUG org.springframework.beans.factory.support.DefaultListableBeanFactory - Autowiring by type from bean name 'jacksonObjectMapper' via factory method to bean named 'jacksonObjectMapperBuilder'
20:43:04.037 [main] DEBUG org.springframework.beans.factory.support.DefaultListableBeanFactory - Creating shared instance of singleton bean 'java.lang.Object'
20:43:04.038 [main] DEBUG org.springframework.beans.factory.support.DefaultListableBeanFactory - Creating shared instance of singleton bean 'org.springframework.boot.autoconfigure.cache.SimpleCacheConfiguration'
20:43:04.038 [main] DEBUG org.springframework.beans.factory.support.DefaultListableBeanFactory - Creating shared instance of singleton bean 'cacheManager'
20:43:04.039 [main] DEBUG org.springframework.beans.factory.support.DefaultListableBeanFactory - Creating shared instance of singleton bean 'spring.cache-org.springframework.boot.autoconfigure.cache.CacheProperties'
20:43:04.044 [main] DEBUG org.springframework.beans.factory.support.DefaultListableBeanFactory - Creating shared instance of singleton bean 'cacheManagerCustomizers'
20:43:04.044 [main] DEBUG org.springframework.beans.factory.support.DefaultListableBeanFactory - Creating shared instance of singleton bean 'org.springframework.boot.autoconfigure.cache.CacheAutoConfiguration'
20:43:04.047 [main] DEBUG org.springframework.beans.factory.support.DefaultListableBeanFactory - Autowiring by type from bean name 'cacheManager' via factory method to bean named 'spring.cache-org.springframework.boot.autoconfigure.cache.CacheProperties'
20:43:04.047 [main] DEBUG org.springframework.beans.factory.support.DefaultListableBeanFactory - Autowiring by type from bean name 'cacheManager' via factory method to bean named 'cacheManagerCustomizers'
20:43:04.058 [main] DEBUG org.springframework.beans.factory.support.DefaultListableBeanFactory - Creating shared instance of singleton bean 'cacheAutoConfigurationValidator'
20:43:04.059 [main] DEBUG org.springframework.beans.factory.support.DefaultListableBeanFactory - Autowiring by type from bean name 'cacheAutoConfigurationValidator' via factory method to bean named 'spring.cache-org.springframework.boot.autoconfigure.cache.CacheProperties'
20:43:04.061 [main] DEBUG org.springframework.beans.factory.support.DefaultListableBeanFactory - Creating shared instance of singleton bean 'org.springframework.boot.autoconfigure.context.ConfigurationPropertiesAutoConfiguration'
20:43:04.062 [main] DEBUG org.springframework.beans.factory.support.DefaultListableBeanFactory - Creating shared instance of singleton bean 'org.springframework.boot.autoconfigure.context.LifecycleAutoConfiguration'
20:43:04.063 [main] DEBUG org.springframework.beans.factory.support.DefaultListableBeanFactory - Creating shared instance of singleton bean 'lifecycleProcessor'
20:43:04.064 [main] DEBUG org.springframework.beans.factory.support.DefaultListableBeanFactory - Creating shared instance of singleton bean 'spring.lifecycle-org.springframework.boot.autoconfigure.context.LifecycleProperties'
20:43:04.066 [main] DEBUG org.springframework.beans.factory.support.DefaultListableBeanFactory - Autowiring by type from bean name 'lifecycleProcessor' via factory method to bean named 'spring.lifecycle-org.springframework.boot.autoconfigure.context.LifecycleProperties'
20:43:04.073 [main] DEBUG org.springframework.beans.factory.support.DefaultListableBeanFactory - Creating shared instance of singleton bean 'org.springframework.boot.autoconfigure.dao.PersistenceExceptionTranslationAutoConfiguration'
20:43:04.074 [main] DEBUG org.springframework.beans.factory.support.DefaultListableBeanFactory - Creating shared instance of singleton bean 'org.springframework.boot.autoconfigure.data.jpa.JpaRepositoriesAutoConfiguration'
20:43:04.076 [main] DEBUG org.springframework.beans.factory.support.DefaultListableBeanFactory - Creating shared instance of singleton bean 'org.springframework.data.jpa.util.JpaMetamodelCacheCleanup'
20:43:04.077 [main] DEBUG org.springframework.beans.factory.support.DefaultListableBeanFactory - Creating shared instance of singleton bean 'org.springframework.data.jpa.repository.support.JpaEvaluationContextExtension'
20:43:04.079 [main] DEBUG org.springframework.beans.factory.support.DefaultListableBeanFactory - Creating shared instance of singleton bean 'org.springframework.boot.autoconfigure.http.HttpMessageConvertersAutoConfiguration$StringHttpMessageConverterConfiguration'
20:43:04.080 [main] DEBUG org.springframework.beans.factory.support.DefaultListableBeanFactory - Creating shared instance of singleton bean 'stringHttpMessageConverter'
20:43:04.080 [main] DEBUG org.springframework.beans.factory.support.DefaultListableBeanFactory - Autowiring by type from bean name 'stringHttpMessageConverter' via factory method to bean named 'environment'
20:43:04.115 [main] DEBUG org.springframework.beans.factory.support.DefaultListableBeanFactory - Creating shared instance of singleton bean 'org.springframework.boot.autoconfigure.http.JacksonHttpMessageConvertersConfiguration$MappingJackson2HttpMessageConverterConfiguration'
20:43:04.116 [main] DEBUG org.springframework.beans.factory.support.DefaultListableBeanFactory - Creating shared instance of singleton bean 'mappingJackson2HttpMessageConverter'
20:43:04.116 [main] DEBUG org.springframework.beans.factory.support.DefaultListableBeanFactory - Autowiring by type from bean name 'mappingJackson2HttpMessageConverter' via factory method to bean named 'jacksonObjectMapper'
20:43:04.121 [main] DEBUG org.springframework.beans.factory.support.DefaultListableBeanFactory - Creating shared instance of singleton bean 'org.springframework.boot.autoconfigure.http.JacksonHttpMessageConvertersConfiguration'
20:43:04.122 [main] DEBUG org.springframework.beans.factory.support.DefaultListableBeanFactory - Creating shared instance of singleton bean 'org.springframework.boot.autoconfigure.http.HttpMessageConvertersAutoConfiguration'
20:43:04.123 [main] DEBUG org.springframework.beans.factory.support.DefaultListableBeanFactory - Creating shared instance of singleton bean 'messageConverters'
20:43:04.165 [main] DEBUG org.springframework.beans.factory.support.DefaultListableBeanFactory - Creating shared instance of singleton bean 'org.springframework.boot.autoconfigure.info.ProjectInfoAutoConfiguration'
20:43:04.168 [main] DEBUG org.springframework.beans.factory.support.DefaultListableBeanFactory - Creating shared instance of singleton bean 'spring.info-org.springframework.boot.autoconfigure.info.ProjectInfoProperties'
20:43:04.171 [main] DEBUG org.springframework.beans.factory.support.DefaultListableBeanFactory - Autowiring by type from bean name 'org.springframework.boot.autoconfigure.info.ProjectInfoAutoConfiguration' via constructor to bean named 'spring.info-org.springframework.boot.autoconfigure.info.ProjectInfoProperties'
20:43:04.172 [main] DEBUG org.springframework.beans.factory.support.DefaultListableBeanFactory - Creating shared instance of singleton bean 'org.springframework.boot.autoconfigure.jdbc.JdbcTemplateConfiguration'
20:43:04.172 [main] DEBUG org.springframework.beans.factory.support.DefaultListableBeanFactory - Creating shared instance of singleton bean 'jdbcTemplate'
20:43:04.173 [main] DEBUG org.springframework.beans.factory.support.DefaultListableBeanFactory - Creating shared instance of singleton bean 'spring.jdbc-org.springframework.boot.autoconfigure.jdbc.JdbcProperties'
20:43:04.174 [main] DEBUG org.springframework.beans.factory.support.DefaultListableBeanFactory - Autowiring by type from bean name 'jdbcTemplate' via factory method to bean named 'dataSource'
20:43:04.174 [main] DEBUG org.springframework.beans.factory.support.DefaultListableBeanFactory - Autowiring by type from bean name 'jdbcTemplate' via factory method to bean named 'spring.jdbc-org.springframework.boot.autoconfigure.jdbc.JdbcProperties'
20:43:04.194 [main] DEBUG org.springframework.beans.factory.support.DefaultListableBeanFactory - Creating shared instance of singleton bean 'org.springframework.boot.autoconfigure.jdbc.NamedParameterJdbcTemplateConfiguration'
20:43:04.195 [main] DEBUG org.springframework.beans.factory.support.DefaultListableBeanFactory - Creating shared instance of singleton bean 'namedParameterJdbcTemplate'
20:43:04.195 [main] DEBUG org.springframework.beans.factory.support.DefaultListableBeanFactory - Autowiring by type from bean name 'namedParameterJdbcTemplate' via factory method to bean named 'jdbcTemplate'
20:43:04.204 [main] DEBUG org.springframework.beans.factory.support.DefaultListableBeanFactory - Creating shared instance of singleton bean 'org.springframework.boot.autoconfigure.jdbc.JdbcTemplateAutoConfiguration'
20:43:04.205 [main] DEBUG org.springframework.beans.factory.support.DefaultListableBeanFactory - Creating shared instance of singleton bean 'org.springframework.boot.autoconfigure.sql.init.SqlInitializationAutoConfiguration'
20:43:04.205 [main] DEBUG org.springframework.beans.factory.support.DefaultListableBeanFactory - Creating shared instance of singleton bean 'org.springframework.boot.autoconfigure.task.TaskSchedulingAutoConfiguration'
20:43:04.206 [main] DEBUG org.springframework.beans.factory.support.DefaultListableBeanFactory - Creating shared instance of singleton bean 'taskScheduler'
20:43:04.207 [main] DEBUG org.springframework.beans.factory.support.DefaultListableBeanFactory - Creating shared instance of singleton bean 'taskSchedulerBuilder'
20:43:04.208 [main] DEBUG org.springframework.beans.factory.support.DefaultListableBeanFactory - Creating shared instance of singleton bean 'spring.task.scheduling-org.springframework.boot.autoconfigure.task.TaskSchedulingProperties'
20:43:04.210 [main] DEBUG org.springframework.beans.factory.support.DefaultListableBeanFactory - Autowiring by type from bean name 'taskSchedulerBuilder' via factory method to bean named 'spring.task.scheduling-org.springframework.boot.autoconfigure.task.TaskSchedulingProperties'
20:43:04.212 [main] DEBUG org.springframework.beans.factory.support.DefaultListableBeanFactory - Autowiring by type from bean name 'taskScheduler' via factory method to bean named 'taskSchedulerBuilder'
20:43:04.230 [main] DEBUG org.springframework.scheduling.concurrent.ThreadPoolTaskScheduler - Initializing ExecutorService 'taskScheduler'
20:43:04.235 [main] DEBUG org.springframework.beans.factory.support.DefaultListableBeanFactory - Creating shared instance of singleton bean 'scheduledBeanLazyInitializationExcludeFilter'
20:43:04.237 [main] DEBUG org.springframework.beans.factory.support.DefaultListableBeanFactory - Creating shared instance of singleton bean 'org.springframework.boot.autoconfigure.jdbc.DataSourceTransactionManagerAutoConfiguration$JdbcTransactionManagerConfiguration'
20:43:04.239 [main] DEBUG org.springframework.beans.factory.support.DefaultListableBeanFactory - Creating shared instance of singleton bean 'org.springframework.boot.autoconfigure.jdbc.DataSourceTransactionManagerAutoConfiguration'
20:43:04.240 [main] DEBUG org.springframework.beans.factory.support.DefaultListableBeanFactory - Creating shared instance of singleton bean 'org.springframework.boot.autoconfigure.transaction.TransactionAutoConfiguration$TransactionTemplateConfiguration'
20:43:04.242 [main] DEBUG org.springframework.beans.factory.support.DefaultListableBeanFactory - Creating shared instance of singleton bean 'transactionTemplate'
20:43:04.243 [main] DEBUG org.springframework.beans.factory.support.DefaultListableBeanFactory - Autowiring by type from bean name 'transactionTemplate' via factory method to bean named 'transactionManager'
20:43:04.248 [main] DEBUG org.springframework.beans.factory.support.DefaultListableBeanFactory - Creating shared instance of singleton bean 'org.springframework.boot.autoconfigure.transaction.TransactionAutoConfiguration'
20:43:04.249 [main] DEBUG org.springframework.beans.factory.support.DefaultListableBeanFactory - Creating shared instance of singleton bean 'platformTransactionManagerCustomizers'
20:43:04.251 [main] DEBUG org.springframework.beans.factory.support.DefaultListableBeanFactory - Creating shared instance of singleton bean 'spring.transaction-org.springframework.boot.autoconfigure.transaction.TransactionProperties'
20:43:04.256 [main] DEBUG org.springframework.beans.factory.support.DefaultListableBeanFactory - Creating shared instance of singleton bean 'org.springframework.boot.autoconfigure.web.client.RestTemplateAutoConfiguration'
20:43:04.283 [main] DEBUG org.springframework.orm.jpa.JpaTransactionManager - Creating new transaction with name [kz.iitu.itse1907.saylau.repository.SoldierController.selectAllSoldiers]: PROPAGATION_REQUIRED,ISOLATION_READ_COMMITTED
20:43:04.284 [main] DEBUG org.springframework.orm.jpa.JpaTransactionManager - Opened new EntityManager [SessionImpl(645038677<open>)] for JPA transaction
20:43:04.286 [main] DEBUG org.hibernate.engine.transaction.internal.TransactionImpl - On TransactionImpl creation, JpaCompliance#isJpaTransactionComplianceEnabled == false
]]></system-out>
  </testcase>
</testsuite>